Flow report for lab3_part3
Sat Nov 16 18:58:56 2019
Quartus II 64-Bit Version 13.1.0 Build 162 10/23/2013 SJ Full Version


---------------------
; Table of Contents ;
---------------------
  1. Legal Notice
  2. Flow Summary
  3. Flow Settings
  4. Flow Non-Default Global Settings
  5. Flow Elapsed Time
  6. Flow OS Summary
  7. Flow Log
  8. Flow Messages
  9. Flow Suppressed Messages



----------------
; Legal Notice ;
----------------
Copyright (C) 1991-2013 Altera Corporation
Your use of Altera Corporation's design tools, logic functions 
and other software and tools, and its AMPP partner logic 
functions, and any output files from any of the foregoing 
(including device programming or simulation files), and any 
associated documentation or information are expressly subject 
to the terms and conditions of the Altera Program License 
Subscription Agreement, Altera MegaCore Function License 
Agreement, or other applicable license agreement, including, 
without limitation, that your use is for the sole purpose of 
programming logic devices manufactured by Altera and sold by 
Altera or its authorized distributors.  Please refer to the 
applicable agreement for further details.



+----------------------------------------------------------------------------------+
; Flow Summary                                                                     ;
+------------------------------------+---------------------------------------------+
; Flow Status                        ; Successful - Sat Nov 16 18:58:56 2019       ;
; Quartus II 64-Bit Version          ; 13.1.0 Build 162 10/23/2013 SJ Full Version ;
; Revision Name                      ; lab3_part3                                  ;
; Top-level Entity Name              ; lab3_part3                                  ;
; Family                             ; Cyclone IV E                                ;
; Device                             ; EP4CE115F29C7                               ;
; Timing Models                      ; Final                                       ;
; Total logic elements               ; 2 / 114,480 ( < 1 % )                       ;
;     Total combinational functions  ; 2 / 114,480 ( < 1 % )                       ;
;     Dedicated logic registers      ; 0 / 114,480 ( 0 % )                         ;
; Total registers                    ; 0                                           ;
; Total pins                         ; 4 / 529 ( < 1 % )                           ;
; Total virtual pins                 ; 0                                           ;
; Total memory bits                  ; 0 / 3,981,312 ( 0 % )                       ;
; Embedded Multiplier 9-bit elements ; 0 / 532 ( 0 % )                             ;
; Total PLLs                         ; 0 / 4 ( 0 % )                               ;
+------------------------------------+---------------------------------------------+


+-----------------------------------------+
; Flow Settings                           ;
+-------------------+---------------------+
; Option            ; Setting             ;
+-------------------+---------------------+
; Start date & time ; 11/16/2019 11:05:09 ;
; Main task         ; Compilation         ;
; Revision Name     ; lab3_part3          ;
+-------------------+---------------------+


+---------------------------------------------------------------------------------------------------------------------+
; Flow Non-Default Global Settings                                                                                    ;
+-------------------------------------+--------------------------------+---------------+-------------+----------------+
; Assignment Name                     ; Value                          ; Default Value ; Entity Name ; Section Id     ;
+-------------------------------------+--------------------------------+---------------+-------------+----------------+
; COMPILER_SIGNATURE_ID               ; 93328254595845.157387350918824 ; --            ; --          ; --             ;
; EDA_OUTPUT_DATA_FORMAT              ; Verilog Hdl                    ; --            ; --          ; eda_simulation ;
; EDA_SIMULATION_TOOL                 ; ModelSim-Altera (Verilog)      ; <None>        ; --          ; --             ;
; MAX_CORE_JUNCTION_TEMP              ; 85                             ; --            ; --          ; --             ;
; MIN_CORE_JUNCTION_TEMP              ; 0                              ; --            ; --          ; --             ;
; PARTITION_COLOR                     ; 16764057                       ; --            ; --          ; Top            ;
; PARTITION_FITTER_PRESERVATION_LEVEL ; PLACEMENT_AND_ROUTING          ; --            ; --          ; Top            ;
; PARTITION_NETLIST_TYPE              ; SOURCE                         ; --            ; --          ; Top            ;
; PROJECT_OUTPUT_DIRECTORY            ; output_files                   ; --            ; --          ; --             ;
+-------------------------------------+--------------------------------+---------------+-------------+----------------+


+-------------------------------------------------------------------------------------------------------------------------------+
; Flow Elapsed Time                                                                                                             ;
+---------------------------+--------------+-------------------------+---------------------+------------------------------------+
; Module Name               ; Elapsed Time ; Average Processors Used ; Peak Virtual Memory ; Total CPU Time (on all processors) ;
+---------------------------+--------------+-------------------------+---------------------+------------------------------------+
; Analysis & Synthesis      ; 00:00:03     ; 1.0                     ; 4623 MB             ; 00:00:02                           ;
; Fitter                    ; 00:00:35     ; 1.3                     ; 5393 MB             ; 00:00:35                           ;
; Assembler                 ; 00:00:09     ; 1.0                     ; 4604 MB             ; 00:00:08                           ;
; TimeQuest Timing Analyzer ; 00:00:05     ; 1.0                     ; 4706 MB             ; 00:00:03                           ;
; EDA Netlist Writer        ; 00:00:01     ; 1.0                     ; 4573 MB             ; 00:00:01                           ;
; Analysis & Synthesis      ; 00:00:10     ; 1.0                     ; 4623 MB             ; 00:00:02                           ;
; Partition Merge           ; 00:00:02     ; 1.0                     ; 4661 MB             ; 00:00:01                           ;
; Fitter                    ; 00:00:30     ; 1.2                     ; 5393 MB             ; 00:00:28                           ;
; Assembler                 ; 00:00:08     ; 1.0                     ; 4604 MB             ; 00:00:07                           ;
; TimeQuest Timing Analyzer ; 00:00:04     ; 1.0                     ; 4706 MB             ; 00:00:03                           ;
; EDA Netlist Writer        ; 00:00:01     ; 1.0                     ; 4573 MB             ; 00:00:01                           ;
; Analysis & Synthesis      ; 00:00:01     ; 1.0                     ; 4611 MB             ; 00:00:01                           ;
; Partition Merge           ; 00:00:03     ; 1.0                     ; 4670 MB             ; 00:00:01                           ;
; Fitter                    ; 00:00:29     ; 1.3                     ; 5337 MB             ; 00:00:27                           ;
; Assembler                 ; 00:00:08     ; 1.0                     ; 4608 MB             ; 00:00:07                           ;
; TimeQuest Timing Analyzer ; 00:00:05     ; 1.0                     ; 4706 MB             ; 00:00:04                           ;
; EDA Netlist Writer        ; 00:00:01     ; 1.0                     ; 4573 MB             ; 00:00:01                           ;
; Analysis & Synthesis      ; 00:00:02     ; 1.0                     ; 4620 MB             ; 00:00:01                           ;
; Partition Merge           ; 00:00:02     ; 1.0                     ; 4661 MB             ; 00:00:01                           ;
; Fitter                    ; 00:00:32     ; 1.3                     ; 5347 MB             ; 00:00:29                           ;
; Assembler                 ; 00:00:08     ; 1.0                     ; 4604 MB             ; 00:00:07                           ;
; TimeQuest Timing Analyzer ; 00:00:05     ; 1.0                     ; 4709 MB             ; 00:00:04                           ;
; EDA Netlist Writer        ; 00:00:01     ; 1.0                     ; 4565 MB             ; 00:00:01                           ;
; EDA Netlist Writer        ; 00:00:01     ; 1.0                     ; 4574 MB             ; 00:00:01                           ;
; EDA Netlist Writer        ; 00:00:01     ; 1.0                     ; 4574 MB             ; 00:00:01                           ;
; EDA Netlist Writer        ; 00:00:01     ; 1.0                     ; 4574 MB             ; 00:00:01                           ;
; EDA Netlist Writer        ; 00:00:01     ; 1.0                     ; 4574 MB             ; 00:00:01                           ;
; EDA Netlist Writer        ; 00:00:01     ; 1.0                     ; 4574 MB             ; 00:00:01                           ;
; EDA Netlist Writer        ; 00:00:01     ; 1.0                     ; 4574 MB             ; 00:00:01                           ;
; Analysis & Synthesis      ; 00:00:03     ; 1.0                     ; 4611 MB             ; 00:00:01                           ;
; Partition Merge           ; 00:00:03     ; 1.0                     ; 4670 MB             ; 00:00:01                           ;
; Fitter                    ; 00:00:21     ; 1.2                     ; 5340 MB             ; 00:00:17                           ;
; Assembler                 ; 00:00:06     ; 1.0                     ; 4604 MB             ; 00:00:05                           ;
; TimeQuest Timing Analyzer ; 00:00:03     ; 1.0                     ; 4707 MB             ; 00:00:02                           ;
; EDA Netlist Writer        ; 00:00:01     ; 1.0                     ; 4566 MB             ; 00:00:01                           ;
; EDA Netlist Writer        ; 00:00:01     ; 1.0                     ; 4574 MB             ; 00:00:01                           ;
; EDA Netlist Writer        ; 00:00:00     ; 1.0                     ; 4574 MB             ; 00:00:01                           ;
; Analysis & Synthesis      ; 00:00:02     ; 1.0                     ; 4623 MB             ; 00:00:01                           ;
; Partition Merge           ; 00:00:00     ; 1.0                     ; 4661 MB             ; 00:00:01                           ;
; Fitter                    ; 00:00:15     ; 1.3                     ; 5378 MB             ; 00:00:17                           ;
; Assembler                 ; 00:00:05     ; 1.0                     ; 4612 MB             ; 00:00:05                           ;
; TimeQuest Timing Analyzer ; 00:00:03     ; 1.0                     ; 4706 MB             ; 00:00:02                           ;
; EDA Netlist Writer        ; 00:00:00     ; 1.0                     ; 4565 MB             ; 00:00:00                           ;
; Analysis & Synthesis      ; 00:00:04     ; 1.0                     ; 4623 MB             ; 00:00:01                           ;
; Partition Merge           ; 00:00:02     ; 1.0                     ; 4661 MB             ; 00:00:01                           ;
; Fitter                    ; 00:00:21     ; 1.2                     ; 5380 MB             ; 00:00:21                           ;
; Assembler                 ; 00:00:07     ; 1.0                     ; 4612 MB             ; 00:00:07                           ;
; TimeQuest Timing Analyzer ; 00:00:03     ; 1.0                     ; 4709 MB             ; 00:00:03                           ;
; EDA Netlist Writer        ; 00:00:00     ; 1.0                     ; 4565 MB             ; 00:00:01                           ;
; EDA Netlist Writer        ; 00:00:01     ; 1.0                     ; 4574 MB             ; 00:00:01                           ;
; EDA Netlist Writer        ; 00:00:00     ; 1.0                     ; 4574 MB             ; 00:00:01                           ;
; Total                     ; 00:05:12     ; --                      ; --                  ; 00:04:32                           ;
+---------------------------+--------------+-------------------------+---------------------+------------------------------------+


+----------------------------------------------------------------------------------------+
; Flow OS Summary                                                                        ;
+---------------------------+------------------+-----------+------------+----------------+
; Module Name               ; Machine Hostname ; OS Name   ; OS Version ; Processor type ;
+---------------------------+------------------+-----------+------------+----------------+
; Analysis & Synthesis      ; DESKTOP-BRF5VHR  ; Windows 7 ; 6.2        ; x86_64         ;
; Fitter                    ; DESKTOP-BRF5VHR  ; Windows 7 ; 6.2        ; x86_64         ;
; Assembler                 ; DESKTOP-BRF5VHR  ; Windows 7 ; 6.2        ; x86_64         ;
; TimeQuest Timing Analyzer ; DESKTOP-BRF5VHR  ; Windows 7 ; 6.2        ; x86_64         ;
; EDA Netlist Writer        ; DESKTOP-BRF5VHR  ; Windows 7 ; 6.2        ; x86_64         ;
; Analysis & Synthesis      ; DESKTOP-BRF5VHR  ; Windows 7 ; 6.2        ; x86_64         ;
; Partition Merge           ; DESKTOP-BRF5VHR  ; Windows 7 ; 6.2        ; x86_64         ;
; Fitter                    ; DESKTOP-BRF5VHR  ; Windows 7 ; 6.2        ; x86_64         ;
; Assembler                 ; DESKTOP-BRF5VHR  ; Windows 7 ; 6.2        ; x86_64         ;
; TimeQuest Timing Analyzer ; DESKTOP-BRF5VHR  ; Windows 7 ; 6.2        ; x86_64         ;
; EDA Netlist Writer        ; DESKTOP-BRF5VHR  ; Windows 7 ; 6.2        ; x86_64         ;
; Analysis & Synthesis      ; DESKTOP-BRF5VHR  ; Windows 7 ; 6.2        ; x86_64         ;
; Partition Merge           ; DESKTOP-BRF5VHR  ; Windows 7 ; 6.2        ; x86_64         ;
; Fitter                    ; DESKTOP-BRF5VHR  ; Windows 7 ; 6.2        ; x86_64         ;
; Assembler                 ; DESKTOP-BRF5VHR  ; Windows 7 ; 6.2        ; x86_64         ;
; TimeQuest Timing Analyzer ; DESKTOP-BRF5VHR  ; Windows 7 ; 6.2        ; x86_64         ;
; EDA Netlist Writer        ; DESKTOP-BRF5VHR  ; Windows 7 ; 6.2        ; x86_64         ;
; Analysis & Synthesis      ; DESKTOP-BRF5VHR  ; Windows 7 ; 6.2        ; x86_64         ;
; Partition Merge           ; DESKTOP-BRF5VHR  ; Windows 7 ; 6.2        ; x86_64         ;
; Fitter                    ; DESKTOP-BRF5VHR  ; Windows 7 ; 6.2        ; x86_64         ;
; Assembler                 ; DESKTOP-BRF5VHR  ; Windows 7 ; 6.2        ; x86_64         ;
; TimeQuest Timing Analyzer ; DESKTOP-BRF5VHR  ; Windows 7 ; 6.2        ; x86_64         ;
; EDA Netlist Writer        ; DESKTOP-BRF5VHR  ; Windows 7 ; 6.2        ; x86_64         ;
; EDA Netlist Writer        ; DESKTOP-BRF5VHR  ; Windows 7 ; 6.2        ; x86_64         ;
; EDA Netlist Writer        ; DESKTOP-BRF5VHR  ; Windows 7 ; 6.2        ; x86_64         ;
; EDA Netlist Writer        ; DESKTOP-BRF5VHR  ; Windows 7 ; 6.2        ; x86_64         ;
; EDA Netlist Writer        ; DESKTOP-BRF5VHR  ; Windows 7 ; 6.2        ; x86_64         ;
; EDA Netlist Writer        ; DESKTOP-BRF5VHR  ; Windows 7 ; 6.2        ; x86_64         ;
; EDA Netlist Writer        ; DESKTOP-BRF5VHR  ; Windows 7 ; 6.2        ; x86_64         ;
; Analysis & Synthesis      ; DESKTOP-BRF5VHR  ; Windows 7 ; 6.2        ; x86_64         ;
; Partition Merge           ; DESKTOP-BRF5VHR  ; Windows 7 ; 6.2        ; x86_64         ;
; Fitter                    ; DESKTOP-BRF5VHR  ; Windows 7 ; 6.2        ; x86_64         ;
; Assembler                 ; DESKTOP-BRF5VHR  ; Windows 7 ; 6.2        ; x86_64         ;
; TimeQuest Timing Analyzer ; DESKTOP-BRF5VHR  ; Windows 7 ; 6.2        ; x86_64         ;
; EDA Netlist Writer        ; DESKTOP-BRF5VHR  ; Windows 7 ; 6.2        ; x86_64         ;
; EDA Netlist Writer        ; DESKTOP-BRF5VHR  ; Windows 7 ; 6.2        ; x86_64         ;
; EDA Netlist Writer        ; DESKTOP-BRF5VHR  ; Windows 7 ; 6.2        ; x86_64         ;
; Analysis & Synthesis      ; DESKTOP-BRF5VHR  ; Windows 7 ; 6.2        ; x86_64         ;
; Partition Merge           ; DESKTOP-BRF5VHR  ; Windows 7 ; 6.2        ; x86_64         ;
; Fitter                    ; DESKTOP-BRF5VHR  ; Windows 7 ; 6.2        ; x86_64         ;
; Assembler                 ; DESKTOP-BRF5VHR  ; Windows 7 ; 6.2        ; x86_64         ;
; TimeQuest Timing Analyzer ; DESKTOP-BRF5VHR  ; Windows 7 ; 6.2        ; x86_64         ;
; EDA Netlist Writer        ; DESKTOP-BRF5VHR  ; Windows 7 ; 6.2        ; x86_64         ;
; Analysis & Synthesis      ; DESKTOP-BRF5VHR  ; Windows 7 ; 6.2        ; x86_64         ;
; Partition Merge           ; DESKTOP-BRF5VHR  ; Windows 7 ; 6.2        ; x86_64         ;
; Fitter                    ; DESKTOP-BRF5VHR  ; Windows 7 ; 6.2        ; x86_64         ;
; Assembler                 ; DESKTOP-BRF5VHR  ; Windows 7 ; 6.2        ; x86_64         ;
; TimeQuest Timing Analyzer ; DESKTOP-BRF5VHR  ; Windows 7 ; 6.2        ; x86_64         ;
; EDA Netlist Writer        ; DESKTOP-BRF5VHR  ; Windows 7 ; 6.2        ; x86_64         ;
; EDA Netlist Writer        ; DESKTOP-BRF5VHR  ; Windows 7 ; 6.2        ; x86_64         ;
; EDA Netlist Writer        ; DESKTOP-BRF5VHR  ; Windows 7 ; 6.2        ; x86_64         ;
+---------------------------+------------------+-----------+------------+----------------+


------------
; Flow Log ;
------------
quartus_map --read_settings_files=on --write_settings_files=off lab3_part3 -c lab3_part3
quartus_fit --read_settings_files=off --write_settings_files=off lab3_part3 -c lab3_part3
quartus_asm --read_settings_files=off --write_settings_files=off lab3_part3 -c lab3_part3
quartus_sta lab3_part3 -c lab3_part3
quartus_eda --read_settings_files=off --write_settings_files=off lab3_part3 -c lab3_part3
quartus_map --read_settings_files=on --write_settings_files=off lab3_part3 -c lab3_part3
quartus_cdb --read_settings_files=off --write_settings_files=off lab3_part3 -c lab3_part3 --merge=on
quartus_fit --read_settings_files=off --write_settings_files=off lab3_part3 -c lab3_part3
quartus_asm --read_settings_files=off --write_settings_files=off lab3_part3 -c lab3_part3
quartus_sta lab3_part3 -c lab3_part3
quartus_eda --read_settings_files=off --write_settings_files=off lab3_part3 -c lab3_part3
quartus_map --read_settings_files=on --write_settings_files=off lab3_part3 -c lab3_part3
quartus_cdb --read_settings_files=off --write_settings_files=off lab3_part3 -c lab3_part3 --merge=on
quartus_fit --read_settings_files=off --write_settings_files=off lab3_part3 -c lab3_part3
quartus_asm --read_settings_files=off --write_settings_files=off lab3_part3 -c lab3_part3
quartus_sta lab3_part3 -c lab3_part3
quartus_eda --read_settings_files=off --write_settings_files=off lab3_part3 -c lab3_part3
quartus_map --read_settings_files=on --write_settings_files=off lab3_part3 -c lab3_part3
quartus_cdb --read_settings_files=off --write_settings_files=off lab3_part3 -c lab3_part3 --merge=on
quartus_fit --read_settings_files=off --write_settings_files=off lab3_part3 -c lab3_part3
quartus_asm --read_settings_files=off --write_settings_files=off lab3_part3 -c lab3_part3
quartus_sta lab3_part3 -c lab3_part3
quartus_eda --read_settings_files=off --write_settings_files=off lab3_part3 -c lab3_part3
quartus_eda --gen_testbench --check_outputs=on --tool=modelsim_oem --format=verilog lab3_part3 -c lab3_part3 --vector_source=D:/altera/workSpace/lab3_part3/Waveform.vwf --testbench_file=D:/altera/workSpace/lab3_part3/simulation/qsim/Waveform.vwf.vt
quartus_eda --functional=on --flatten_buses=off --simulation=on --tool=modelsim_oem --format=verilog --output_directory=D:/altera/workSpace/lab3_part3/simulation/qsim/ lab3_part3 -c lab3_part3
quartus_eda --gen_testbench --check_outputs=on --tool=modelsim_oem --format=verilog lab3_part3 -c lab3_part3 --vector_source=D:/altera/workSpace/lab3_part3/Waveform.vwf --testbench_file=D:/altera/workSpace/lab3_part3/simulation/qsim/Waveform.vwf.vt
quartus_eda --functional=on --flatten_buses=off --simulation=on --tool=modelsim_oem --format=verilog --output_directory=D:/altera/workSpace/lab3_part3/simulation/qsim/ lab3_part3 -c lab3_part3
quartus_eda --gen_testbench --check_outputs=on --tool=modelsim_oem --format=verilog lab3_part3 -c lab3_part3 --vector_source=D:/altera/workSpace/lab3_part3/Waveform.vwf --testbench_file=D:/altera/workSpace/lab3_part3/simulation/qsim/Waveform.vwf.vt
quartus_eda --functional=off --flatten_buses=off --timescale=1ps --simulation=on --tool=modelsim_oem --format=verilog --output_directory=D:/altera/workSpace/lab3_part3/simulation/qsim/ lab3_part3 -c lab3_part3
quartus_map --read_settings_files=on --write_settings_files=off lab3_part3 -c lab3_part3
quartus_cdb --read_settings_files=off --write_settings_files=off lab3_part3 -c lab3_part3 --merge=on
quartus_fit --read_settings_files=off --write_settings_files=off lab3_part3 -c lab3_part3
quartus_asm --read_settings_files=off --write_settings_files=off lab3_part3 -c lab3_part3
quartus_sta lab3_part3 -c lab3_part3
quartus_eda --read_settings_files=off --write_settings_files=off lab3_part3 -c lab3_part3
quartus_eda --gen_testbench --check_outputs=on --tool=modelsim_oem --format=verilog lab3_part3 -c lab3_part3 --vector_source=D:/altera/workSpace/lab3_part3/Waveform.vwf --testbench_file=D:/altera/workSpace/lab3_part3/simulation/qsim/Waveform.vwf.vt
quartus_eda --functional=on --flatten_buses=off --simulation=on --tool=modelsim_oem --format=verilog --output_directory=D:/altera/workSpace/lab3_part3/simulation/qsim/ lab3_part3 -c lab3_part3
quartus_map --read_settings_files=on --write_settings_files=off lab3_part3 -c lab3_part3
quartus_cdb --read_settings_files=off --write_settings_files=off lab3_part3 -c lab3_part3 --merge=on
quartus_fit --read_settings_files=off --write_settings_files=off lab3_part3 -c lab3_part3
quartus_asm --read_settings_files=off --write_settings_files=off lab3_part3 -c lab3_part3
quartus_sta lab3_part3 -c lab3_part3
quartus_eda --read_settings_files=off --write_settings_files=off lab3_part3 -c lab3_part3
quartus_map --read_settings_files=on --write_settings_files=off lab3_part3 -c lab3_part3
quartus_cdb --read_settings_files=off --write_settings_files=off lab3_part3 -c lab3_part3 --merge=on
quartus_fit --read_settings_files=off --write_settings_files=off lab3_part3 -c lab3_part3
quartus_asm --read_settings_files=off --write_settings_files=off lab3_part3 -c lab3_part3
quartus_sta lab3_part3 -c lab3_part3
quartus_eda --read_settings_files=off --write_settings_files=off lab3_part3 -c lab3_part3
quartus_eda --gen_testbench --check_outputs=on --tool=modelsim_oem --format=verilog lab3_part3 -c lab3_part3 --vector_source=D:/altera/workSpace/lab3_part3/Waveform.vwf --testbench_file=D:/altera/workSpace/lab3_part3/simulation/qsim/Waveform.vwf.vt
quartus_eda --functional=on --flatten_buses=off --simulation=on --tool=modelsim_oem --format=verilog --output_directory=D:/altera/workSpace/lab3_part3/simulation/qsim/ lab3_part3 -c lab3_part3



