Flow report for lab1
Sat Feb 29 17:45:08 2020
Quartus II 64-Bit Version 13.1.0 Build 162 10/23/2013 SJ Full Version


---------------------
; Table of Contents ;
---------------------
  1. Legal Notice
  2. Flow Summary
  3. Flow Settings
  4. Flow Non-Default Global Settings
  5. Flow Elapsed Time
  6. Flow OS Summary
  7. Flow Log
  8. Flow Messages
  9. Flow Suppressed Messages



----------------
; Legal Notice ;
----------------
Copyright (C) 1991-2013 Altera Corporation
Your use of Altera Corporation's design tools, logic functions 
and other software and tools, and its AMPP partner logic 
functions, and any output files from any of the foregoing 
(including device programming or simulation files), and any 
associated documentation or information are expressly subject 
to the terms and conditions of the Altera Program License 
Subscription Agreement, Altera MegaCore Function License 
Agreement, or other applicable license agreement, including, 
without limitation, that your use is for the sole purpose of 
programming logic devices manufactured by Altera and sold by 
Altera or its authorized distributors.  Please refer to the 
applicable agreement for further details.



+----------------------------------------------------------------------------------+
; Flow Summary                                                                     ;
+------------------------------------+---------------------------------------------+
; Flow Status                        ; Successful - Sat Feb 29 17:45:08 2020       ;
; Quartus II 64-Bit Version          ; 13.1.0 Build 162 10/23/2013 SJ Full Version ;
; Revision Name                      ; lab1                                        ;
; Top-level Entity Name              ; lab1                                        ;
; Family                             ; Cyclone IV E                                ;
; Device                             ; EP4CE115F29C8                               ;
; Timing Models                      ; Final                                       ;
; Total logic elements               ; 3,426 / 114,480 ( 3 % )                     ;
;     Total combinational functions  ; 3,141 / 114,480 ( 3 % )                     ;
;     Dedicated logic registers      ; 1,967 / 114,480 ( 2 % )                     ;
; Total registers                    ; 1967                                        ;
; Total pins                         ; 2 / 529 ( < 1 % )                           ;
; Total virtual pins                 ; 0                                           ;
; Total memory bits                  ; 309,120 / 3,981,312 ( 8 % )                 ;
; Embedded Multiplier 9-bit elements ; 4 / 532 ( < 1 % )                           ;
; Total PLLs                         ; 0 / 4 ( 0 % )                               ;
+------------------------------------+---------------------------------------------+


+-----------------------------------------+
; Flow Settings                           ;
+-------------------+---------------------+
; Option            ; Setting             ;
+-------------------+---------------------+
; Start date & time ; 02/29/2020 17:42:56 ;
; Main task         ; Compilation         ;
; Revision Name     ; lab1                ;
+-------------------+---------------------+


+-----------------------------------------------------------------------------------------------------------------------------------------------------------------------------------------+
; Flow Non-Default Global Settings                                                                                                                                                        ;
+-------------------------------------+---------------------------------------------------------------+---------------+--------------------------------------------------+----------------+
; Assignment Name                     ; Value                                                         ; Default Value ; Entity Name                                      ; Section Id     ;
+-------------------------------------+---------------------------------------------------------------+---------------+--------------------------------------------------+----------------+
; COMPILER_SIGNATURE_ID               ; 220295163180504.158296937603444                               ; --            ; --                                               ; --             ;
; EDA_OUTPUT_DATA_FORMAT              ; Verilog Hdl                                                   ; --            ; --                                               ; eda_simulation ;
; EDA_SIMULATION_TOOL                 ; ModelSim-Altera (Verilog)                                     ; <None>        ; --                                               ; --             ;
; IP_TOOL_ENV                         ; Qsys                                                          ; --            ; altera_avalon_sc_fifo                            ; --             ;
; IP_TOOL_ENV                         ; Qsys                                                          ; --            ; altera_merlin_master_agent                       ; --             ;
; IP_TOOL_ENV                         ; Qsys                                                          ; --            ; altera_merlin_master_translator                  ; --             ;
; IP_TOOL_ENV                         ; Qsys                                                          ; --            ; altera_merlin_slave_agent                        ; --             ;
; IP_TOOL_ENV                         ; Qsys                                                          ; --            ; altera_merlin_slave_translator                   ; --             ;
; IP_TOOL_ENV                         ; Qsys                                                          ; --            ; altera_merlin_traffic_limiter                    ; --             ;
; IP_TOOL_ENV                         ; Qsys                                                          ; --            ; altera_reset_controller                          ; --             ;
; IP_TOOL_ENV                         ; Qsys                                                          ; --            ; system_qsys                                      ; --             ;
; IP_TOOL_ENV                         ; Qsys                                                          ; --            ; system_qsys_irq_mapper                           ; --             ;
; IP_TOOL_ENV                         ; Qsys                                                          ; --            ; system_qsys_jtag_uart_0                          ; --             ;
; IP_TOOL_ENV                         ; Qsys                                                          ; --            ; system_qsys_mm_interconnect_0                    ; --             ;
; IP_TOOL_ENV                         ; Qsys                                                          ; --            ; system_qsys_mm_interconnect_0_addr_router        ; --             ;
; IP_TOOL_ENV                         ; Qsys                                                          ; --            ; system_qsys_mm_interconnect_0_addr_router_001    ; --             ;
; IP_TOOL_ENV                         ; Qsys                                                          ; --            ; system_qsys_mm_interconnect_0_cmd_xbar_demux     ; --             ;
; IP_TOOL_ENV                         ; Qsys                                                          ; --            ; system_qsys_mm_interconnect_0_cmd_xbar_demux_001 ; --             ;
; IP_TOOL_ENV                         ; Qsys                                                          ; --            ; system_qsys_mm_interconnect_0_cmd_xbar_mux       ; --             ;
; IP_TOOL_ENV                         ; Qsys                                                          ; --            ; system_qsys_mm_interconnect_0_cmd_xbar_mux_003   ; --             ;
; IP_TOOL_ENV                         ; Qsys                                                          ; --            ; system_qsys_mm_interconnect_0_id_router          ; --             ;
; IP_TOOL_ENV                         ; Qsys                                                          ; --            ; system_qsys_mm_interconnect_0_id_router_003      ; --             ;
; IP_TOOL_ENV                         ; Qsys                                                          ; --            ; system_qsys_mm_interconnect_0_rsp_xbar_demux     ; --             ;
; IP_TOOL_ENV                         ; Qsys                                                          ; --            ; system_qsys_mm_interconnect_0_rsp_xbar_demux_003 ; --             ;
; IP_TOOL_ENV                         ; Qsys                                                          ; --            ; system_qsys_mm_interconnect_0_rsp_xbar_mux       ; --             ;
; IP_TOOL_ENV                         ; Qsys                                                          ; --            ; system_qsys_mm_interconnect_0_rsp_xbar_mux_001   ; --             ;
; IP_TOOL_ENV                         ; Qsys                                                          ; --            ; system_qsys_nios2_qsys_0                         ; --             ;
; IP_TOOL_ENV                         ; Qsys                                                          ; --            ; system_qsys_onchip_memory2_ram                   ; --             ;
; IP_TOOL_ENV                         ; Qsys                                                          ; --            ; system_qsys_onchip_memory2_rom                   ; --             ;
; IP_TOOL_ENV                         ; Qsys                                                          ; --            ; system_qsys_sysid_qsys_0                         ; --             ;
; IP_TOOL_NAME                        ; altera_avalon_sc_fifo                                         ; --            ; altera_avalon_sc_fifo                            ; --             ;
; IP_TOOL_NAME                        ; altera_merlin_master_agent                                    ; --            ; altera_merlin_master_agent                       ; --             ;
; IP_TOOL_NAME                        ; altera_merlin_master_translator                               ; --            ; altera_merlin_master_translator                  ; --             ;
; IP_TOOL_NAME                        ; altera_merlin_slave_agent                                     ; --            ; altera_merlin_slave_agent                        ; --             ;
; IP_TOOL_NAME                        ; altera_merlin_slave_translator                                ; --            ; altera_merlin_slave_translator                   ; --             ;
; IP_TOOL_NAME                        ; altera_merlin_traffic_limiter                                 ; --            ; altera_merlin_traffic_limiter                    ; --             ;
; IP_TOOL_NAME                        ; altera_reset_controller                                       ; --            ; altera_reset_controller                          ; --             ;
; IP_TOOL_NAME                        ; Qsys                                                          ; --            ; system_qsys                                      ; --             ;
; IP_TOOL_NAME                        ; altera_irq_mapper                                             ; --            ; system_qsys_irq_mapper                           ; --             ;
; IP_TOOL_NAME                        ; altera_avalon_jtag_uart                                       ; --            ; system_qsys_jtag_uart_0                          ; --             ;
; IP_TOOL_NAME                        ; altera_merlin_interconnect_wrapper                            ; --            ; system_qsys_mm_interconnect_0                    ; --             ;
; IP_TOOL_NAME                        ; altera_merlin_router                                          ; --            ; system_qsys_mm_interconnect_0_addr_router        ; --             ;
; IP_TOOL_NAME                        ; altera_merlin_router                                          ; --            ; system_qsys_mm_interconnect_0_addr_router_001    ; --             ;
; IP_TOOL_NAME                        ; altera_merlin_demultiplexer                                   ; --            ; system_qsys_mm_interconnect_0_cmd_xbar_demux     ; --             ;
; IP_TOOL_NAME                        ; altera_merlin_demultiplexer                                   ; --            ; system_qsys_mm_interconnect_0_cmd_xbar_demux_001 ; --             ;
; IP_TOOL_NAME                        ; altera_merlin_multiplexer                                     ; --            ; system_qsys_mm_interconnect_0_cmd_xbar_mux       ; --             ;
; IP_TOOL_NAME                        ; altera_merlin_multiplexer                                     ; --            ; system_qsys_mm_interconnect_0_cmd_xbar_mux_003   ; --             ;
; IP_TOOL_NAME                        ; altera_merlin_router                                          ; --            ; system_qsys_mm_interconnect_0_id_router          ; --             ;
; IP_TOOL_NAME                        ; altera_merlin_router                                          ; --            ; system_qsys_mm_interconnect_0_id_router_003      ; --             ;
; IP_TOOL_NAME                        ; altera_merlin_demultiplexer                                   ; --            ; system_qsys_mm_interconnect_0_rsp_xbar_demux     ; --             ;
; IP_TOOL_NAME                        ; altera_merlin_demultiplexer                                   ; --            ; system_qsys_mm_interconnect_0_rsp_xbar_demux_003 ; --             ;
; IP_TOOL_NAME                        ; altera_merlin_multiplexer                                     ; --            ; system_qsys_mm_interconnect_0_rsp_xbar_mux       ; --             ;
; IP_TOOL_NAME                        ; altera_merlin_multiplexer                                     ; --            ; system_qsys_mm_interconnect_0_rsp_xbar_mux_001   ; --             ;
; IP_TOOL_NAME                        ; altera_nios2_qsys                                             ; --            ; system_qsys_nios2_qsys_0                         ; --             ;
; IP_TOOL_NAME                        ; altera_avalon_onchip_memory2                                  ; --            ; system_qsys_onchip_memory2_ram                   ; --             ;
; IP_TOOL_NAME                        ; altera_avalon_onchip_memory2                                  ; --            ; system_qsys_onchip_memory2_rom                   ; --             ;
; IP_TOOL_NAME                        ; altera_avalon_sysid_qsys                                      ; --            ; system_qsys_sysid_qsys_0                         ; --             ;
; IP_TOOL_VERSION                     ; 13.1                                                          ; --            ; altera_avalon_sc_fifo                            ; --             ;
; IP_TOOL_VERSION                     ; 13.1                                                          ; --            ; altera_merlin_master_agent                       ; --             ;
; IP_TOOL_VERSION                     ; 13.1                                                          ; --            ; altera_merlin_master_translator                  ; --             ;
; IP_TOOL_VERSION                     ; 13.1                                                          ; --            ; altera_merlin_slave_agent                        ; --             ;
; IP_TOOL_VERSION                     ; 13.1                                                          ; --            ; altera_merlin_slave_translator                   ; --             ;
; IP_TOOL_VERSION                     ; 13.1                                                          ; --            ; altera_merlin_traffic_limiter                    ; --             ;
; IP_TOOL_VERSION                     ; 13.1                                                          ; --            ; altera_reset_controller                          ; --             ;
; IP_TOOL_VERSION                     ; 13.1                                                          ; --            ; system_qsys                                      ; --             ;
; IP_TOOL_VERSION                     ; 13.1                                                          ; --            ; system_qsys_irq_mapper                           ; --             ;
; IP_TOOL_VERSION                     ; 13.1                                                          ; --            ; system_qsys_jtag_uart_0                          ; --             ;
; IP_TOOL_VERSION                     ; 13.1                                                          ; --            ; system_qsys_mm_interconnect_0                    ; --             ;
; IP_TOOL_VERSION                     ; 13.1                                                          ; --            ; system_qsys_mm_interconnect_0_addr_router        ; --             ;
; IP_TOOL_VERSION                     ; 13.1                                                          ; --            ; system_qsys_mm_interconnect_0_addr_router_001    ; --             ;
; IP_TOOL_VERSION                     ; 13.1                                                          ; --            ; system_qsys_mm_interconnect_0_cmd_xbar_demux     ; --             ;
; IP_TOOL_VERSION                     ; 13.1                                                          ; --            ; system_qsys_mm_interconnect_0_cmd_xbar_demux_001 ; --             ;
; IP_TOOL_VERSION                     ; 13.1                                                          ; --            ; system_qsys_mm_interconnect_0_cmd_xbar_mux       ; --             ;
; IP_TOOL_VERSION                     ; 13.1                                                          ; --            ; system_qsys_mm_interconnect_0_cmd_xbar_mux_003   ; --             ;
; IP_TOOL_VERSION                     ; 13.1                                                          ; --            ; system_qsys_mm_interconnect_0_id_router          ; --             ;
; IP_TOOL_VERSION                     ; 13.1                                                          ; --            ; system_qsys_mm_interconnect_0_id_router_003      ; --             ;
; IP_TOOL_VERSION                     ; 13.1                                                          ; --            ; system_qsys_mm_interconnect_0_rsp_xbar_demux     ; --             ;
; IP_TOOL_VERSION                     ; 13.1                                                          ; --            ; system_qsys_mm_interconnect_0_rsp_xbar_demux_003 ; --             ;
; IP_TOOL_VERSION                     ; 13.1                                                          ; --            ; system_qsys_mm_interconnect_0_rsp_xbar_mux       ; --             ;
; IP_TOOL_VERSION                     ; 13.1                                                          ; --            ; system_qsys_mm_interconnect_0_rsp_xbar_mux_001   ; --             ;
; IP_TOOL_VERSION                     ; 13.1                                                          ; --            ; system_qsys_nios2_qsys_0                         ; --             ;
; IP_TOOL_VERSION                     ; 13.1                                                          ; --            ; system_qsys_onchip_memory2_ram                   ; --             ;
; IP_TOOL_VERSION                     ; 13.1                                                          ; --            ; system_qsys_onchip_memory2_rom                   ; --             ;
; IP_TOOL_VERSION                     ; 13.1                                                          ; --            ; system_qsys_sysid_qsys_0                         ; --             ;
; MAX_CORE_JUNCTION_TEMP              ; 85                                                            ; --            ; --                                               ; --             ;
; MIN_CORE_JUNCTION_TEMP              ; 0                                                             ; --            ; --                                               ; --             ;
; MISC_FILE                           ; hardware/hardware/synthesis/../../system_qsys.cmp             ; --            ; --                                               ; --             ;
; MISC_FILE                           ; hardware/hardware/synthesis/../../system_qsys.qsys            ; --            ; --                                               ; --             ;
; OUTPUT_IO_TIMING_FAR_END_VMEAS      ; Half Signal Swing                                             ; --            ; --                                               ; --             ;
; OUTPUT_IO_TIMING_FAR_END_VMEAS      ; Half Signal Swing                                             ; --            ; --                                               ; --             ;
; OUTPUT_IO_TIMING_NEAR_END_VMEAS     ; Half Vccio                                                    ; --            ; --                                               ; --             ;
; OUTPUT_IO_TIMING_NEAR_END_VMEAS     ; Half Vccio                                                    ; --            ; --                                               ; --             ;
; PARTITION_COLOR                     ; 16764057                                                      ; --            ; --                                               ; Top            ;
; PARTITION_FITTER_PRESERVATION_LEVEL ; PLACEMENT_AND_ROUTING                                         ; --            ; --                                               ; Top            ;
; PARTITION_NETLIST_TYPE              ; SOURCE                                                        ; --            ; --                                               ; Top            ;
; PROJECT_OUTPUT_DIRECTORY            ; output_files                                                  ; --            ; --                                               ; --             ;
; SLD_FILE                            ; hardware/hardware/synthesis/system_qsys.regmap                ; --            ; --                                               ; --             ;
; SLD_FILE                            ; hardware/hardware/synthesis/system_qsys.debuginfo             ; --            ; --                                               ; --             ;
; SLD_INFO                            ; QSYS_NAME system_qsys HAS_SOPCINFO 1 GENERATION_ID 1582963486 ; --            ; system_qsys                                      ; --             ;
; SOPCINFO_FILE                       ; hardware/hardware/synthesis/../../system_qsys.sopcinfo        ; --            ; --                                               ; --             ;
; SYNTHESIS_ONLY_QIP                  ; On                                                            ; --            ; --                                               ; --             ;
+-------------------------------------+---------------------------------------------------------------+---------------+--------------------------------------------------+----------------+


+-------------------------------------------------------------------------------------------------------------------------------+
; Flow Elapsed Time                                                                                                             ;
+---------------------------+--------------+-------------------------+---------------------+------------------------------------+
; Module Name               ; Elapsed Time ; Average Processors Used ; Peak Virtual Memory ; Total CPU Time (on all processors) ;
+---------------------------+--------------+-------------------------+---------------------+------------------------------------+
; Analysis & Synthesis      ; 00:00:39     ; 1.0                     ; 4796 MB             ; 00:00:22                           ;
; Fitter                    ; 00:00:48     ; 1.5                     ; 5713 MB             ; 00:00:54                           ;
; Assembler                 ; 00:00:10     ; 1.0                     ; 4649 MB             ; 00:00:08                           ;
; TimeQuest Timing Analyzer ; 00:00:08     ; 1.4                     ; 4805 MB             ; 00:00:07                           ;
; EDA Netlist Writer        ; 00:00:07     ; 1.0                     ; 4637 MB             ; 00:00:07                           ;
; Total                     ; 00:01:52     ; --                      ; --                  ; 00:01:38                           ;
+---------------------------+--------------+-------------------------+---------------------+------------------------------------+


+----------------------------------------------------------------------------------------+
; Flow OS Summary                                                                        ;
+---------------------------+------------------+-----------+------------+----------------+
; Module Name               ; Machine Hostname ; OS Name   ; OS Version ; Processor type ;
+---------------------------+------------------+-----------+------------+----------------+
; Analysis & Synthesis      ; LAPTOP-7UKE3VBA  ; Windows 7 ; 6.2        ; x86_64         ;
; Fitter                    ; LAPTOP-7UKE3VBA  ; Windows 7 ; 6.2        ; x86_64         ;
; Assembler                 ; LAPTOP-7UKE3VBA  ; Windows 7 ; 6.2        ; x86_64         ;
; TimeQuest Timing Analyzer ; LAPTOP-7UKE3VBA  ; Windows 7 ; 6.2        ; x86_64         ;
; EDA Netlist Writer        ; LAPTOP-7UKE3VBA  ; Windows 7 ; 6.2        ; x86_64         ;
+---------------------------+------------------+-----------+------------+----------------+


------------
; Flow Log ;
------------
quartus_map --read_settings_files=on --write_settings_files=off lab1 -c lab1
quartus_fit --read_settings_files=off --write_settings_files=off lab1 -c lab1
quartus_asm --read_settings_files=off --write_settings_files=off lab1 -c lab1
quartus_sta lab1 -c lab1
quartus_eda --read_settings_files=off --write_settings_files=off lab1 -c lab1



