Flow report for full_adder
Wed Nov 27 16:57:00 2019
Quartus II 64-Bit Version 13.1.0 Build 162 10/23/2013 SJ Full Version


---------------------
; Table of Contents ;
---------------------
  1. Legal Notice
  2. Flow Summary
  3. Flow Settings
  4. Flow Non-Default Global Settings
  5. Flow Elapsed Time
  6. Flow OS Summary
  7. Flow Log
  8. Flow Messages
  9. Flow Suppressed Messages



----------------
; Legal Notice ;
----------------
Copyright (C) 1991-2013 Altera Corporation
Your use of Altera Corporation's design tools, logic functions 
and other software and tools, and its AMPP partner logic 
functions, and any output files from any of the foregoing 
(including device programming or simulation files), and any 
associated documentation or information are expressly subject 
to the terms and conditions of the Altera Program License 
Subscription Agreement, Altera MegaCore Function License 
Agreement, or other applicable license agreement, including, 
without limitation, that your use is for the sole purpose of 
programming logic devices manufactured by Altera and sold by 
Altera or its authorized distributors.  Please refer to the 
applicable agreement for further details.



+----------------------------------------------------------------------------------+
; Flow Summary                                                                     ;
+------------------------------------+---------------------------------------------+
; Flow Status                        ; Successful - Wed Nov 27 16:57:00 2019       ;
; Quartus II 64-Bit Version          ; 13.1.0 Build 162 10/23/2013 SJ Full Version ;
; Revision Name                      ; full_adder                                  ;
; Top-level Entity Name              ; part4_add                                   ;
; Family                             ; Cyclone IV E                                ;
; Device                             ; EP4CE115F29C7                               ;
; Timing Models                      ; Final                                       ;
; Total logic elements               ; 19 / 114,480 ( < 1 % )                      ;
;     Total combinational functions  ; 19 / 114,480 ( < 1 % )                      ;
;     Dedicated logic registers      ; 0 / 114,480 ( 0 % )                         ;
; Total registers                    ; 0                                           ;
; Total pins                         ; 28 / 529 ( 5 % )                            ;
; Total virtual pins                 ; 0                                           ;
; Total memory bits                  ; 0 / 3,981,312 ( 0 % )                       ;
; Embedded Multiplier 9-bit elements ; 0 / 532 ( 0 % )                             ;
; Total PLLs                         ; 0 / 4 ( 0 % )                               ;
+------------------------------------+---------------------------------------------+


+-----------------------------------------+
; Flow Settings                           ;
+-------------------+---------------------+
; Option            ; Setting             ;
+-------------------+---------------------+
; Start date & time ; 11/27/2019 16:55:39 ;
; Main task         ; Compilation         ;
; Revision Name     ; full_adder          ;
+-------------------+---------------------+


+-----------------------------------------------------------------------------------------------------------------------------------+
; Flow Non-Default Global Settings                                                                                                  ;
+-------------------------------------+----------------------------------------------+---------------+-------------+----------------+
; Assignment Name                     ; Value                                        ; Default Value ; Entity Name ; Section Id     ;
+-------------------------------------+----------------------------------------------+---------------+-------------+----------------+
; COMPILER_SIGNATURE_ID               ; 93328254595845.157484493849536               ; --            ; --          ; --             ;
; EDA_GENERATE_FUNCTIONAL_NETLIST     ; On                                           ; --            ; --          ; eda_simulation ;
; EDA_NETLIST_WRITER_OUTPUT_DIR       ; D:/altera/workSpace/lab6_24/simulation/qsim/ ; --            ; --          ; eda_simulation ;
; EDA_OUTPUT_DATA_FORMAT              ; Verilog Hdl                                  ; --            ; --          ; eda_simulation ;
; EDA_SIMULATION_TOOL                 ; ModelSim-Altera (Verilog)                    ; <None>        ; --          ; --             ;
; EDA_TIME_SCALE                      ; 1 ps                                         ; --            ; --          ; eda_simulation ;
; ENABLE_OCT_DONE                     ; Off                                          ; On            ; --          ; --             ;
; IP_TOOL_NAME                        ; LPM_ADD_SUB                                  ; --            ; --          ; --             ;
; IP_TOOL_VERSION                     ; 13.1                                         ; --            ; --          ; --             ;
; MAX_CORE_JUNCTION_TEMP              ; 85                                           ; --            ; --          ; --             ;
; MIN_CORE_JUNCTION_TEMP              ; 0                                            ; --            ; --          ; --             ;
; MISC_FILE                           ; part4_add.bsf                                ; --            ; --          ; --             ;
; MISC_FILE                           ; part4_add_inst.v                             ; --            ; --          ; --             ;
; MISC_FILE                           ; part4_add_bb.v                               ; --            ; --          ; --             ;
; MISC_FILE                           ; part4_add.inc                                ; --            ; --          ; --             ;
; MISC_FILE                           ; part4_add_syn.v                              ; --            ; --          ; --             ;
; NOMINAL_CORE_SUPPLY_VOLTAGE         ; 1.2V                                         ; --            ; --          ; --             ;
; PARTITION_COLOR                     ; 16764057                                     ; --            ; part4_add   ; Top            ;
; PARTITION_FITTER_PRESERVATION_LEVEL ; PLACEMENT_AND_ROUTING                        ; --            ; part4_add   ; Top            ;
; PARTITION_NETLIST_TYPE              ; SOURCE                                       ; --            ; part4_add   ; Top            ;
; PROJECT_OUTPUT_DIRECTORY            ; output_files                                 ; --            ; --          ; --             ;
; TOP_LEVEL_ENTITY                    ; part4_add                                    ; full_adder    ; --          ; --             ;
+-------------------------------------+----------------------------------------------+---------------+-------------+----------------+


+-------------------------------------------------------------------------------------------------------------------------------+
; Flow Elapsed Time                                                                                                             ;
+---------------------------+--------------+-------------------------+---------------------+------------------------------------+
; Module Name               ; Elapsed Time ; Average Processors Used ; Peak Virtual Memory ; Total CPU Time (on all processors) ;
+---------------------------+--------------+-------------------------+---------------------+------------------------------------+
; Analysis & Synthesis      ; 00:00:08     ; 1.0                     ; 4640 MB             ; 00:00:02                           ;
; Fitter                    ; 00:00:31     ; 1.2                     ; 5373 MB             ; 00:00:28                           ;
; Assembler                 ; 00:00:10     ; 1.0                     ; 4612 MB             ; 00:00:09                           ;
; TimeQuest Timing Analyzer ; 00:00:06     ; 1.0                     ; 4718 MB             ; 00:00:04                           ;
; EDA Netlist Writer        ; 00:00:01     ; 1.0                     ; 4565 MB             ; 00:00:01                           ;
; Total                     ; 00:00:56     ; --                      ; --                  ; 00:00:44                           ;
+---------------------------+--------------+-------------------------+---------------------+------------------------------------+


+----------------------------------------------------------------------------------------+
; Flow OS Summary                                                                        ;
+---------------------------+------------------+-----------+------------+----------------+
; Module Name               ; Machine Hostname ; OS Name   ; OS Version ; Processor type ;
+---------------------------+------------------+-----------+------------+----------------+
; Analysis & Synthesis      ; DESKTOP-BRF5VHR  ; Windows 7 ; 6.2        ; x86_64         ;
; Fitter                    ; DESKTOP-BRF5VHR  ; Windows 7 ; 6.2        ; x86_64         ;
; Assembler                 ; DESKTOP-BRF5VHR  ; Windows 7 ; 6.2        ; x86_64         ;
; TimeQuest Timing Analyzer ; DESKTOP-BRF5VHR  ; Windows 7 ; 6.2        ; x86_64         ;
; EDA Netlist Writer        ; DESKTOP-BRF5VHR  ; Windows 7 ; 6.2        ; x86_64         ;
+---------------------------+------------------+-----------+------------+----------------+


------------
; Flow Log ;
------------
quartus_map --read_settings_files=on --write_settings_files=off full_adder -c full_adder
quartus_fit --read_settings_files=off --write_settings_files=off full_adder -c full_adder
quartus_asm --read_settings_files=off --write_settings_files=off full_adder -c full_adder
quartus_sta full_adder -c full_adder
quartus_eda --read_settings_files=off --write_settings_files=off full_adder -c full_adder



