Restore Archived Project report for lab1
Mon Dec 09 08:43:44 2019
Quartus II 64-Bit Version 13.1.0 Build 162 10/23/2013 SJ Full Version


---------------------
; Table of Contents ;
---------------------
  1. Legal Notice
  2. Restore Archived Project Summary
  3. Restore Archived Project Messages
  4. Files Restored
  5. Files Not Restored



----------------
; Legal Notice ;
----------------
Copyright (C) 1991-2013 Altera Corporation
Your use of Altera Corporation's design tools, logic functions 
and other software and tools, and its AMPP partner logic 
functions, and any output files from any of the foregoing 
(including device programming or simulation files), and any 
associated documentation or information are expressly subject 
to the terms and conditions of the Altera Program License 
Subscription Agreement, Altera MegaCore Function License 
Agreement, or other applicable license agreement, including, 
without limitation, that your use is for the sole purpose of 
programming logic devices manufactured by Altera and sold by 
Altera or its authorized distributors.  Please refer to the 
applicable agreement for further details.



+-------------------------------------------------------------------------+
; Restore Archived Project Summary                                        ;
+---------------------------------+---------------------------------------+
; Restore Archived Project Status ; Successful - Mon Dec 09 08:43:44 2019 ;
; Revision Name                   ; lab1                                  ;
; Top-level Entity Name           ; part5                                 ;
; Family                          ; Cyclone IV E                          ;
+---------------------------------+---------------------------------------+


+-----------------------------------+
; Restore Archived Project Messages ;
+-----------------------------------+
Info: Successfully restored 'E:/altera/13.1/lab/lab6/lab8_part6/lab8_part6.qar' into the 'E:/altera/13.1/lab/lab6/lab8_part6/lab8_part6_restored/' directory
Info: Generated report 'lab1.restore.rpt'
Error (23031): Evaluation of Tcl script e:/altera/13.1/quartus/common/tcl/apps/qpm/qar.tcl unsuccessful
Error: Quartus II 64-Bit Shell was unsuccessful. 3 errors, 0 warnings
    Error: Peak virtual memory: 4429 megabytes
    Error: Processing ended: Mon Dec 09 08:43:45 2019
    Error: Elapsed time: 00:00:04
    Error: Total CPU time (on all processors): 00:00:01


+-------------------------+
; Files Restored          ;
+-------------------------+
; File Name               ;
+-------------------------+
; qar_info.json           ;
; lab1.out.sdc            ;
; lab1.qpf                ;
; lab1.qsf                ;
; lab6_part8.out.sdc      ;
; lab8/YMQ.v              ;
; lab8/part5.v            ;
; lab8/part6/ramlpm.qip   ;
; lab8/part6/ramlpm.v     ;
; lab8/part6/ramlpm_bb.v  ;
; lab8/ramlpm.mif         ;
; assignment_defaults.qdf ;
+-------------------------+


+--------------------+
; Files Not Restored ;
+--------------------+
; File Name          ;
+--------------------+


