Analysis & Synthesis report for lab4
Wed Nov 27 09:00:36 2019
Quartus II 64-Bit Version 13.1.0 Build 162 10/23/2013 SJ Full Version


---------------------
; Table of Contents ;
---------------------
  1. Legal Notice
  2. Analysis & Synthesis Summary
  3. Analysis & Synthesis Settings
  4. Parallel Compilation
  5. Analysis & Synthesis Source Files Read
  6. Analysis & Synthesis Resource Usage Summary
  7. Analysis & Synthesis Resource Utilization by Entity
  8. Analysis & Synthesis IP Cores Summary
  9. General Register Statistics
 10. Source assignments for PART9:inst|myaltmultadd:M1|altmult_add:ALTMULT_ADD_component|mult_add_mcv2:auto_generated
 11. Source assignments for PART9:inst|myaltmultadd:M1|altmult_add:ALTMULT_ADD_component|mult_add_mcv2:auto_generated|ded_mult_c051:ded_mult1|dffpipe_b3c:pre_result
 12. Source assignments for PART9:inst|myaltmultadd:M1|altmult_add:ALTMULT_ADD_component|mult_add_mcv2:auto_generated|ded_mult_c051:ded_mult2|dffpipe_b3c:pre_result
 13. Parameter Settings for User Entity Instance: PART9:inst|myaltmultadd:M1|altmult_add:ALTMULT_ADD_component
 14. altmult_add Parameter Settings by Entity Instance
 15. Port Connectivity Checks: "PART9:inst|myaltmultadd:M1"
 16. Elapsed Time Per Partition
 17. Analysis & Synthesis Messages
 18. Analysis & Synthesis Suppressed Messages



----------------
; Legal Notice ;
----------------
Copyright (C) 1991-2013 Altera Corporation
Your use of Altera Corporation's design tools, logic functions 
and other software and tools, and its AMPP partner logic 
functions, and any output files from any of the foregoing 
(including device programming or simulation files), and any 
associated documentation or information are expressly subject 
to the terms and conditions of the Altera Program License 
Subscription Agreement, Altera MegaCore Function License 
Agreement, or other applicable license agreement, including, 
without limitation, that your use is for the sole purpose of 
programming logic devices manufactured by Altera and sold by 
Altera or its authorized distributors.  Please refer to the 
applicable agreement for further details.



+----------------------------------------------------------------------------------+
; Analysis & Synthesis Summary                                                     ;
+------------------------------------+---------------------------------------------+
; Analysis & Synthesis Status        ; Successful - Wed Nov 27 09:00:36 2019       ;
; Quartus II 64-Bit Version          ; 13.1.0 Build 162 10/23/2013 SJ Full Version ;
; Revision Name                      ; lab4                                        ;
; Top-level Entity Name              ; lab4                                        ;
; Family                             ; Cyclone IV E                                ;
; Total logic elements               ; 78                                          ;
;     Total combinational functions  ; 46                                          ;
;     Dedicated logic registers      ; 32                                          ;
; Total registers                    ; 32                                          ;
; Total pins                         ; 76                                          ;
; Total virtual pins                 ; 0                                           ;
; Total memory bits                  ; 0                                           ;
; Embedded Multiplier 9-bit elements ; 0                                           ;
; Total PLLs                         ; 0                                           ;
+------------------------------------+---------------------------------------------+


+----------------------------------------------------------------------------------------------------------------------+
; Analysis & Synthesis Settings                                                                                        ;
+----------------------------------------------------------------------------+--------------------+--------------------+
; Option                                                                     ; Setting            ; Default Value      ;
+----------------------------------------------------------------------------+--------------------+--------------------+
; Device                                                                     ; EP4CE115F29C7      ;                    ;
; Top-level entity name                                                      ; lab4               ; lab4               ;
; Family name                                                                ; Cyclone IV E       ; Cyclone IV GX      ;
; Use smart compilation                                                      ; Off                ; Off                ;
; Enable parallel Assembler and TimeQuest Timing Analyzer during compilation ; On                 ; On                 ;
; Enable compact report table                                                ; Off                ; Off                ;
; Restructure Multiplexers                                                   ; Auto               ; Auto               ;
; Create Debugging Nodes for IP Cores                                        ; Off                ; Off                ;
; Preserve fewer node names                                                  ; On                 ; On                 ;
; Disable OpenCore Plus hardware evaluation                                  ; Off                ; Off                ;
; Verilog Version                                                            ; Verilog_2001       ; Verilog_2001       ;
; VHDL Version                                                               ; VHDL_1993          ; VHDL_1993          ;
; State Machine Processing                                                   ; Auto               ; Auto               ;
; Safe State Machine                                                         ; Off                ; Off                ;
; Extract Verilog State Machines                                             ; On                 ; On                 ;
; Extract VHDL State Machines                                                ; On                 ; On                 ;
; Ignore Verilog initial constructs                                          ; Off                ; Off                ;
; Iteration limit for constant Verilog loops                                 ; 5000               ; 5000               ;
; Iteration limit for non-constant Verilog loops                             ; 250                ; 250                ;
; Add Pass-Through Logic to Inferred RAMs                                    ; On                 ; On                 ;
; Infer RAMs from Raw Logic                                                  ; On                 ; On                 ;
; Parallel Synthesis                                                         ; On                 ; On                 ;
; DSP Block Balancing                                                        ; Auto               ; Auto               ;
; NOT Gate Push-Back                                                         ; On                 ; On                 ;
; Power-Up Don't Care                                                        ; On                 ; On                 ;
; Remove Redundant Logic Cells                                               ; Off                ; Off                ;
; Remove Duplicate Registers                                                 ; On                 ; On                 ;
; Ignore CARRY Buffers                                                       ; Off                ; Off                ;
; Ignore CASCADE Buffers                                                     ; Off                ; Off                ;
; Ignore GLOBAL Buffers                                                      ; Off                ; Off                ;
; Ignore ROW GLOBAL Buffers                                                  ; Off                ; Off                ;
; Ignore LCELL Buffers                                                       ; Off                ; Off                ;
; Ignore SOFT Buffers                                                        ; On                 ; On                 ;
; Limit AHDL Integers to 32 Bits                                             ; Off                ; Off                ;
; Optimization Technique                                                     ; Balanced           ; Balanced           ;
; Carry Chain Length                                                         ; 70                 ; 70                 ;
; Auto Carry Chains                                                          ; On                 ; On                 ;
; Auto Open-Drain Pins                                                       ; On                 ; On                 ;
; Perform WYSIWYG Primitive Resynthesis                                      ; Off                ; Off                ;
; Auto ROM Replacement                                                       ; On                 ; On                 ;
; Auto RAM Replacement                                                       ; On                 ; On                 ;
; Auto DSP Block Replacement                                                 ; On                 ; On                 ;
; Auto Shift Register Replacement                                            ; Auto               ; Auto               ;
; Allow Shift Register Merging across Hierarchies                            ; Auto               ; Auto               ;
; Auto Clock Enable Replacement                                              ; On                 ; On                 ;
; Strict RAM Replacement                                                     ; Off                ; Off                ;
; Allow Synchronous Control Signals                                          ; On                 ; On                 ;
; Force Use of Synchronous Clear Signals                                     ; Off                ; Off                ;
; Auto RAM Block Balancing                                                   ; On                 ; On                 ;
; Auto RAM to Logic Cell Conversion                                          ; Off                ; Off                ;
; Auto Resource Sharing                                                      ; Off                ; Off                ;
; Allow Any RAM Size For Recognition                                         ; Off                ; Off                ;
; Allow Any ROM Size For Recognition                                         ; Off                ; Off                ;
; Allow Any Shift Register Size For Recognition                              ; Off                ; Off                ;
; Use LogicLock Constraints during Resource Balancing                        ; On                 ; On                 ;
; Ignore translate_off and synthesis_off directives                          ; Off                ; Off                ;
; Timing-Driven Synthesis                                                    ; On                 ; On                 ;
; Report Parameter Settings                                                  ; On                 ; On                 ;
; Report Source Assignments                                                  ; On                 ; On                 ;
; Report Connectivity Checks                                                 ; On                 ; On                 ;
; Ignore Maximum Fan-Out Assignments                                         ; Off                ; Off                ;
; Synchronization Register Chain Length                                      ; 2                  ; 2                  ;
; PowerPlay Power Optimization                                               ; Normal compilation ; Normal compilation ;
; HDL message level                                                          ; Level2             ; Level2             ;
; Suppress Register Optimization Related Messages                            ; Off                ; Off                ;
; Number of Removed Registers Reported in Synthesis Report                   ; 5000               ; 5000               ;
; Number of Swept Nodes Reported in Synthesis Report                         ; 5000               ; 5000               ;
; Number of Inverted Registers Reported in Synthesis Report                  ; 100                ; 100                ;
; Clock MUX Protection                                                       ; On                 ; On                 ;
; Auto Gated Clock Conversion                                                ; Off                ; Off                ;
; Block Design Naming                                                        ; Auto               ; Auto               ;
; SDC constraint protection                                                  ; Off                ; Off                ;
; Synthesis Effort                                                           ; Auto               ; Auto               ;
; Shift Register Replacement - Allow Asynchronous Clear Signal               ; On                 ; On                 ;
; Pre-Mapping Resynthesis Optimization                                       ; Off                ; Off                ;
; Analysis & Synthesis Message Level                                         ; Medium             ; Medium             ;
; Disable Register Merging Across Hierarchies                                ; Auto               ; Auto               ;
; Resource Aware Inference For Block RAM                                     ; On                 ; On                 ;
; Synthesis Seed                                                             ; 1                  ; 1                  ;
+----------------------------------------------------------------------------+--------------------+--------------------+


+------------------------------------------+
; Parallel Compilation                     ;
+----------------------------+-------------+
; Processors                 ; Number      ;
+----------------------------+-------------+
; Number detected on machine ; 8           ;
; Maximum allowed            ; 4           ;
;                            ;             ;
; Average used               ; 1.00        ;
; Maximum used               ; 1           ;
;                            ;             ;
; Usage by Processor         ; % Time Used ;
;     Processor 1            ; 100.0%      ;
;     Processors 2-8         ;   0.0%      ;
+----------------------------+-------------+


+-------------------------------------------------------------------------------------------------------------------------------------------------------------------------+
; Analysis & Synthesis Source Files Read                                                                                                                                  ;
+----------------------------------+-----------------+------------------------------------+---------------------------------------------------------------------+---------+
; File Name with User-Entered Path ; Used in Netlist ; File Type                          ; File Name with Absolute Path                                        ; Library ;
+----------------------------------+-----------------+------------------------------------+---------------------------------------------------------------------+---------+
; part8.v                          ; yes             ; User Verilog HDL File              ; E:/altera/13.1/lab/lab4/part8.v                                     ;         ;
; lab4.bdf                         ; yes             ; User Block Diagram/Schematic File  ; E:/altera/13.1/lab/lab4/lab4.bdf                                    ;         ;
; myaltmultadd.v                   ; yes             ; User Wizard-Generated File         ; E:/altera/13.1/lab/lab4/myaltmultadd.v                              ;         ;
; output_files/part9.v             ; yes             ; User Verilog HDL File              ; E:/altera/13.1/lab/lab4/output_files/part9.v                        ;         ;
; altmult_add.tdf                  ; yes             ; Megafunction                       ; e:/altera/13.1/quartus/libraries/megafunctions/altmult_add.tdf      ;         ;
; aglobal131.inc                   ; yes             ; Megafunction                       ; e:/altera/13.1/quartus/libraries/megafunctions/aglobal131.inc       ;         ;
; stratix_mac_mult.inc             ; yes             ; Megafunction                       ; e:/altera/13.1/quartus/libraries/megafunctions/stratix_mac_mult.inc ;         ;
; stratix_mac_out.inc              ; yes             ; Megafunction                       ; e:/altera/13.1/quartus/libraries/megafunctions/stratix_mac_out.inc  ;         ;
; db/mult_add_mcv2.tdf             ; yes             ; Auto-Generated Megafunction        ; E:/altera/13.1/lab/lab4/db/mult_add_mcv2.tdf                        ;         ;
; db/ded_mult_c051.tdf             ; yes             ; Auto-Generated Megafunction        ; E:/altera/13.1/lab/lab4/db/ded_mult_c051.tdf                        ;         ;
; db/dffpipe_b3c.tdf               ; yes             ; Auto-Generated Megafunction        ; E:/altera/13.1/lab/lab4/db/dffpipe_b3c.tdf                          ;         ;
+----------------------------------+-----------------+------------------------------------+---------------------------------------------------------------------+---------+


+----------------------------------------------------------+
; Analysis & Synthesis Resource Usage Summary              ;
+---------------------------------------------+------------+
; Resource                                    ; Usage      ;
+---------------------------------------------+------------+
; Estimated Total logic elements              ; 78         ;
;                                             ;            ;
; Total combinational functions               ; 46         ;
; Logic element usage by number of LUT inputs ;            ;
;     -- 4 input functions                    ; 28         ;
;     -- 3 input functions                    ; 16         ;
;     -- <=2 input functions                  ; 2          ;
;                                             ;            ;
; Logic elements by mode                      ;            ;
;     -- normal mode                          ; 46         ;
;     -- arithmetic mode                      ; 0          ;
;                                             ;            ;
; Total registers                             ; 32         ;
;     -- Dedicated logic registers            ; 32         ;
;     -- I/O registers                        ; 0          ;
;                                             ;            ;
; I/O pins                                    ; 76         ;
; Embedded Multiplier 9-bit elements          ; 0          ;
; Maximum fan-out node                        ; KEY1~input ;
; Maximum fan-out                             ; 32         ;
; Total fan-out                               ; 396        ;
; Average fan-out                             ; 1.72       ;
+---------------------------------------------+------------+


+-----------------------------------------------------------------------------------------------------------------------------------------------------------------------------------------------------------------+
; Analysis & Synthesis Resource Utilization by Entity                                                                                                                                                             ;
+-------------------------------+-------------------+--------------+-------------+--------------+---------+-----------+------+--------------+------------------------------------------------------+--------------+
; Compilation Hierarchy Node    ; LC Combinationals ; LC Registers ; Memory Bits ; DSP Elements ; DSP 9x9 ; DSP 18x18 ; Pins ; Virtual Pins ; Full Hierarchy Name                                  ; Library Name ;
+-------------------------------+-------------------+--------------+-------------+--------------+---------+-----------+------+--------------+------------------------------------------------------+--------------+
; |lab4                         ; 46 (0)            ; 32 (0)       ; 0           ; 0            ; 0       ; 0         ; 76   ; 0            ; |lab4                                                ; work         ;
;    |PART9:inst|               ; 46 (0)            ; 32 (0)       ; 0           ; 0            ; 0       ; 0         ; 0    ; 0            ; |lab4|PART9:inst                                     ; work         ;
;       |D_trigger_HEX:m1|      ; 0 (0)             ; 16 (0)       ; 0           ; 0            ; 0       ; 0         ; 0    ; 0            ; |lab4|PART9:inst|D_trigger_HEX:m1                    ; work         ;
;          |D_trigger_test:m10| ; 0 (0)             ; 1 (1)        ; 0           ; 0            ; 0       ; 0         ; 0    ; 0            ; |lab4|PART9:inst|D_trigger_HEX:m1|D_trigger_test:m10 ; work         ;
;          |D_trigger_test:m11| ; 0 (0)             ; 1 (1)        ; 0           ; 0            ; 0       ; 0         ; 0    ; 0            ; |lab4|PART9:inst|D_trigger_HEX:m1|D_trigger_test:m11 ; work         ;
;          |D_trigger_test:m12| ; 0 (0)             ; 1 (1)        ; 0           ; 0            ; 0       ; 0         ; 0    ; 0            ; |lab4|PART9:inst|D_trigger_HEX:m1|D_trigger_test:m12 ; work         ;
;          |D_trigger_test:m13| ; 0 (0)             ; 1 (1)        ; 0           ; 0            ; 0       ; 0         ; 0    ; 0            ; |lab4|PART9:inst|D_trigger_HEX:m1|D_trigger_test:m13 ; work         ;
;          |D_trigger_test:m14| ; 0 (0)             ; 1 (1)        ; 0           ; 0            ; 0       ; 0         ; 0    ; 0            ; |lab4|PART9:inst|D_trigger_HEX:m1|D_trigger_test:m14 ; work         ;
;          |D_trigger_test:m15| ; 0 (0)             ; 1 (1)        ; 0           ; 0            ; 0       ; 0         ; 0    ; 0            ; |lab4|PART9:inst|D_trigger_HEX:m1|D_trigger_test:m15 ; work         ;
;          |D_trigger_test:m16| ; 0 (0)             ; 1 (1)        ; 0           ; 0            ; 0       ; 0         ; 0    ; 0            ; |lab4|PART9:inst|D_trigger_HEX:m1|D_trigger_test:m16 ; work         ;
;          |D_trigger_test:m1|  ; 0 (0)             ; 1 (1)        ; 0           ; 0            ; 0       ; 0         ; 0    ; 0            ; |lab4|PART9:inst|D_trigger_HEX:m1|D_trigger_test:m1  ; work         ;
;          |D_trigger_test:m2|  ; 0 (0)             ; 1 (1)        ; 0           ; 0            ; 0       ; 0         ; 0    ; 0            ; |lab4|PART9:inst|D_trigger_HEX:m1|D_trigger_test:m2  ; work         ;
;          |D_trigger_test:m3|  ; 0 (0)             ; 1 (1)        ; 0           ; 0            ; 0       ; 0         ; 0    ; 0            ; |lab4|PART9:inst|D_trigger_HEX:m1|D_trigger_test:m3  ; work         ;
;          |D_trigger_test:m4|  ; 0 (0)             ; 1 (1)        ; 0           ; 0            ; 0       ; 0         ; 0    ; 0            ; |lab4|PART9:inst|D_trigger_HEX:m1|D_trigger_test:m4  ; work         ;
;          |D_trigger_test:m5|  ; 0 (0)             ; 1 (1)        ; 0           ; 0            ; 0       ; 0         ; 0    ; 0            ; |lab4|PART9:inst|D_trigger_HEX:m1|D_trigger_test:m5  ; work         ;
;          |D_trigger_test:m6|  ; 0 (0)             ; 1 (1)        ; 0           ; 0            ; 0       ; 0         ; 0    ; 0            ; |lab4|PART9:inst|D_trigger_HEX:m1|D_trigger_test:m6  ; work         ;
;          |D_trigger_test:m7|  ; 0 (0)             ; 1 (1)        ; 0           ; 0            ; 0       ; 0         ; 0    ; 0            ; |lab4|PART9:inst|D_trigger_HEX:m1|D_trigger_test:m7  ; work         ;
;          |D_trigger_test:m8|  ; 0 (0)             ; 1 (1)        ; 0           ; 0            ; 0       ; 0         ; 0    ; 0            ; |lab4|PART9:inst|D_trigger_HEX:m1|D_trigger_test:m8  ; work         ;
;          |D_trigger_test:m9|  ; 0 (0)             ; 1 (1)        ; 0           ; 0            ; 0       ; 0         ; 0    ; 0            ; |lab4|PART9:inst|D_trigger_HEX:m1|D_trigger_test:m9  ; work         ;
;       |D_trigger_HEX:m2|      ; 0 (0)             ; 16 (0)       ; 0           ; 0            ; 0       ; 0         ; 0    ; 0            ; |lab4|PART9:inst|D_trigger_HEX:m2                    ; work         ;
;          |D_trigger_test:m10| ; 0 (0)             ; 1 (1)        ; 0           ; 0            ; 0       ; 0         ; 0    ; 0            ; |lab4|PART9:inst|D_trigger_HEX:m2|D_trigger_test:m10 ; work         ;
;          |D_trigger_test:m11| ; 0 (0)             ; 1 (1)        ; 0           ; 0            ; 0       ; 0         ; 0    ; 0            ; |lab4|PART9:inst|D_trigger_HEX:m2|D_trigger_test:m11 ; work         ;
;          |D_trigger_test:m12| ; 0 (0)             ; 1 (1)        ; 0           ; 0            ; 0       ; 0         ; 0    ; 0            ; |lab4|PART9:inst|D_trigger_HEX:m2|D_trigger_test:m12 ; work         ;
;          |D_trigger_test:m13| ; 0 (0)             ; 1 (1)        ; 0           ; 0            ; 0       ; 0         ; 0    ; 0            ; |lab4|PART9:inst|D_trigger_HEX:m2|D_trigger_test:m13 ; work         ;
;          |D_trigger_test:m14| ; 0 (0)             ; 1 (1)        ; 0           ; 0            ; 0       ; 0         ; 0    ; 0            ; |lab4|PART9:inst|D_trigger_HEX:m2|D_trigger_test:m14 ; work         ;
;          |D_trigger_test:m15| ; 0 (0)             ; 1 (1)        ; 0           ; 0            ; 0       ; 0         ; 0    ; 0            ; |lab4|PART9:inst|D_trigger_HEX:m2|D_trigger_test:m15 ; work         ;
;          |D_trigger_test:m16| ; 0 (0)             ; 1 (1)        ; 0           ; 0            ; 0       ; 0         ; 0    ; 0            ; |lab4|PART9:inst|D_trigger_HEX:m2|D_trigger_test:m16 ; work         ;
;          |D_trigger_test:m1|  ; 0 (0)             ; 1 (1)        ; 0           ; 0            ; 0       ; 0         ; 0    ; 0            ; |lab4|PART9:inst|D_trigger_HEX:m2|D_trigger_test:m1  ; work         ;
;          |D_trigger_test:m2|  ; 0 (0)             ; 1 (1)        ; 0           ; 0            ; 0       ; 0         ; 0    ; 0            ; |lab4|PART9:inst|D_trigger_HEX:m2|D_trigger_test:m2  ; work         ;
;          |D_trigger_test:m3|  ; 0 (0)             ; 1 (1)        ; 0           ; 0            ; 0       ; 0         ; 0    ; 0            ; |lab4|PART9:inst|D_trigger_HEX:m2|D_trigger_test:m3  ; work         ;
;          |D_trigger_test:m4|  ; 0 (0)             ; 1 (1)        ; 0           ; 0            ; 0       ; 0         ; 0    ; 0            ; |lab4|PART9:inst|D_trigger_HEX:m2|D_trigger_test:m4  ; work         ;
;          |D_trigger_test:m5|  ; 0 (0)             ; 1 (1)        ; 0           ; 0            ; 0       ; 0         ; 0    ; 0            ; |lab4|PART9:inst|D_trigger_HEX:m2|D_trigger_test:m5  ; work         ;
;          |D_trigger_test:m6|  ; 0 (0)             ; 1 (1)        ; 0           ; 0            ; 0       ; 0         ; 0    ; 0            ; |lab4|PART9:inst|D_trigger_HEX:m2|D_trigger_test:m6  ; work         ;
;          |D_trigger_test:m7|  ; 0 (0)             ; 1 (1)        ; 0           ; 0            ; 0       ; 0         ; 0    ; 0            ; |lab4|PART9:inst|D_trigger_HEX:m2|D_trigger_test:m7  ; work         ;
;          |D_trigger_test:m8|  ; 0 (0)             ; 1 (1)        ; 0           ; 0            ; 0       ; 0         ; 0    ; 0            ; |lab4|PART9:inst|D_trigger_HEX:m2|D_trigger_test:m8  ; work         ;
;          |D_trigger_test:m9|  ; 0 (0)             ; 1 (1)        ; 0           ; 0            ; 0       ; 0         ; 0    ; 0            ; |lab4|PART9:inst|D_trigger_HEX:m2|D_trigger_test:m9  ; work         ;
;       |decoder2:m4|           ; 14 (0)            ; 0 (0)        ; 0           ; 0            ; 0       ; 0         ; 0    ; 0            ; |lab4|PART9:inst|decoder2:m4                         ; work         ;
;          |decoder_TEST:m1|    ; 7 (7)             ; 0 (0)        ; 0           ; 0            ; 0       ; 0         ; 0    ; 0            ; |lab4|PART9:inst|decoder2:m4|decoder_TEST:m1         ; work         ;
;          |decoder_TEST:m2|    ; 7 (7)             ; 0 (0)        ; 0           ; 0            ; 0       ; 0         ; 0    ; 0            ; |lab4|PART9:inst|decoder2:m4|decoder_TEST:m2         ; work         ;
;       |decoder2:m5|           ; 14 (0)            ; 0 (0)        ; 0           ; 0            ; 0       ; 0         ; 0    ; 0            ; |lab4|PART9:inst|decoder2:m5                         ; work         ;
;          |decoder_TEST:m1|    ; 7 (7)             ; 0 (0)        ; 0           ; 0            ; 0       ; 0         ; 0    ; 0            ; |lab4|PART9:inst|decoder2:m5|decoder_TEST:m1         ; work         ;
;          |decoder_TEST:m2|    ; 7 (7)             ; 0 (0)        ; 0           ; 0            ; 0       ; 0         ; 0    ; 0            ; |lab4|PART9:inst|decoder2:m5|decoder_TEST:m2         ; work         ;
;       |switch:m8|             ; 2 (2)             ; 0 (0)        ; 0           ; 0            ; 0       ; 0         ; 0    ; 0            ; |lab4|PART9:inst|switch:m8                           ; work         ;
;       |switch_hex:m3|         ; 16 (16)           ; 0 (0)        ; 0           ; 0            ; 0       ; 0         ; 0    ; 0            ; |lab4|PART9:inst|switch_hex:m3                       ; work         ;
+-------------------------------+-------------------+--------------+-------------+--------------+---------+-----------+------+--------------+------------------------------------------------------+--------------+
Note: For table entries with two numbers listed, the numbers in parentheses indicate the number of resources of the given type used by the specific entity alone. The numbers listed outside of parentheses indicate the total resources of the given type used by the specific entity and all of its sub-entities in the hierarchy.


+-------------------------------------------------------------------------------------------------------------------------------------------+
; Analysis & Synthesis IP Cores Summary                                                                                                     ;
+--------+--------------+---------+--------------+--------------+----------------------------------+----------------------------------------+
; Vendor ; IP Core Name ; Version ; Release Date ; License Type ; Entity Instance                  ; IP Include File                        ;
+--------+--------------+---------+--------------+--------------+----------------------------------+----------------------------------------+
; Altera ; ALTMULT_ADD  ; 13.1    ; N/A          ; N/A          ; |lab4|PART9:inst|myaltmultadd:M1 ; E:/altera/13.1/lab/lab4/myaltmultadd.v ;
+--------+--------------+---------+--------------+--------------+----------------------------------+----------------------------------------+


+------------------------------------------------------+
; General Register Statistics                          ;
+----------------------------------------------+-------+
; Statistic                                    ; Value ;
+----------------------------------------------+-------+
; Total registers                              ; 32    ;
; Number of registers using Synchronous Clear  ; 0     ;
; Number of registers using Synchronous Load   ; 0     ;
; Number of registers using Asynchronous Clear ; 32    ;
; Number of registers using Asynchronous Load  ; 0     ;
; Number of registers using Clock Enable       ; 32    ;
; Number of registers using Preset             ; 0     ;
+----------------------------------------------+-------+


+------------------------------------------------------------------------------------------------------------------+
; Source assignments for PART9:inst|myaltmultadd:M1|altmult_add:ALTMULT_ADD_component|mult_add_mcv2:auto_generated ;
+------------+-------+------+--------------------------------------------------------------------------------------+
; Assignment ; Value ; From ; To                                                                                   ;
+------------+-------+------+--------------------------------------------------------------------------------------+
; MAX_FANOUT ; 5     ; -    ; dffe5a                                                                               ;
+------------+-------+------+--------------------------------------------------------------------------------------+


+-----------------------------------------------------------------------------------------------------------------------------------------------------------------+
; Source assignments for PART9:inst|myaltmultadd:M1|altmult_add:ALTMULT_ADD_component|mult_add_mcv2:auto_generated|ded_mult_c051:ded_mult1|dffpipe_b3c:pre_result ;
+---------------------------------+-------+------+----------------------------------------------------------------------------------------------------------------+
; Assignment                      ; Value ; From ; To                                                                                                             ;
+---------------------------------+-------+------+----------------------------------------------------------------------------------------------------------------+
; AUTO_SHIFT_REGISTER_RECOGNITION ; OFF   ; -    ; -                                                                                                              ;
+---------------------------------+-------+------+----------------------------------------------------------------------------------------------------------------+


+-----------------------------------------------------------------------------------------------------------------------------------------------------------------+
; Source assignments for PART9:inst|myaltmultadd:M1|altmult_add:ALTMULT_ADD_component|mult_add_mcv2:auto_generated|ded_mult_c051:ded_mult2|dffpipe_b3c:pre_result ;
+---------------------------------+-------+------+----------------------------------------------------------------------------------------------------------------+
; Assignment                      ; Value ; From ; To                                                                                                             ;
+---------------------------------+-------+------+----------------------------------------------------------------------------------------------------------------+
; AUTO_SHIFT_REGISTER_RECOGNITION ; OFF   ; -    ; -                                                                                                              ;
+---------------------------------+-------+------+----------------------------------------------------------------------------------------------------------------+


+-----------------------------------------------------------------------------------------------------------+
; Parameter Settings for User Entity Instance: PART9:inst|myaltmultadd:M1|altmult_add:ALTMULT_ADD_component ;
+---------------------------------------+-------------------+-----------------------------------------------+
; Parameter Name                        ; Value             ; Type                                          ;
+---------------------------------------+-------------------+-----------------------------------------------+
; AUTO_CARRY_CHAINS                     ; ON                ; AUTO_CARRY                                    ;
; IGNORE_CARRY_BUFFERS                  ; OFF               ; IGNORE_CARRY                                  ;
; AUTO_CASCADE_CHAINS                   ; ON                ; AUTO_CASCADE                                  ;
; IGNORE_CASCADE_BUFFERS                ; OFF               ; IGNORE_CASCADE                                ;
; ACCUM_DIRECTION                       ; ADD               ; Untyped                                       ;
; ACCUM_SLOAD_ACLR                      ; ACLR3             ; Untyped                                       ;
; ACCUM_SLOAD_PIPELINE_ACLR             ; ACLR3             ; Untyped                                       ;
; ACCUM_SLOAD_PIPELINE_REGISTER         ; CLOCK0            ; Untyped                                       ;
; ACCUM_SLOAD_REGISTER                  ; CLOCK0            ; Untyped                                       ;
; ACCUMULATOR                           ; NO                ; Untyped                                       ;
; ADDER1_ROUNDING                       ; NO                ; Untyped                                       ;
; ADDER3_ROUNDING                       ; NO                ; Untyped                                       ;
; ADDNSUB1_ROUND_ACLR                   ; ACLR3             ; Untyped                                       ;
; ADDNSUB1_ROUND_PIPELINE_ACLR          ; ACLR3             ; Untyped                                       ;
; ADDNSUB1_ROUND_PIPELINE_REGISTER      ; CLOCK0            ; Untyped                                       ;
; ADDNSUB1_ROUND_REGISTER               ; CLOCK0            ; Untyped                                       ;
; ADDNSUB3_ROUND_ACLR                   ; ACLR3             ; Untyped                                       ;
; ADDNSUB3_ROUND_PIPELINE_ACLR          ; ACLR3             ; Untyped                                       ;
; ADDNSUB3_ROUND_PIPELINE_REGISTER      ; CLOCK0            ; Untyped                                       ;
; ADDNSUB3_ROUND_REGISTER               ; CLOCK0            ; Untyped                                       ;
; ADDNSUB_MULTIPLIER_ACLR1              ; ACLR3             ; Untyped                                       ;
; ADDNSUB_MULTIPLIER_ACLR3              ; ACLR3             ; Untyped                                       ;
; ADDNSUB_MULTIPLIER_PIPELINE_ACLR1     ; ACLR3             ; Untyped                                       ;
; ADDNSUB_MULTIPLIER_PIPELINE_ACLR3     ; ACLR3             ; Untyped                                       ;
; ADDNSUB_MULTIPLIER_PIPELINE_REGISTER1 ; UNREGISTERED      ; Untyped                                       ;
; ADDNSUB_MULTIPLIER_PIPELINE_REGISTER3 ; CLOCK0            ; Untyped                                       ;
; ADDNSUB_MULTIPLIER_REGISTER1          ; UNREGISTERED      ; Untyped                                       ;
; ADDNSUB_MULTIPLIER_REGISTER3          ; CLOCK0            ; Untyped                                       ;
; CHAINOUT_ACLR                         ; ACLR3             ; Untyped                                       ;
; CHAINOUT_ADDER                        ; NO                ; Untyped                                       ;
; CHAINOUT_REGISTER                     ; CLOCK0            ; Untyped                                       ;
; CHAINOUT_ROUND_ACLR                   ; ACLR3             ; Untyped                                       ;
; CHAINOUT_ROUND_OUTPUT_ACLR            ; ACLR3             ; Untyped                                       ;
; CHAINOUT_ROUND_OUTPUT_REGISTER        ; CLOCK0            ; Untyped                                       ;
; CHAINOUT_ROUND_PIPELINE_ACLR          ; ACLR3             ; Untyped                                       ;
; CHAINOUT_ROUND_PIPELINE_REGISTER      ; CLOCK0            ; Untyped                                       ;
; CHAINOUT_ROUND_REGISTER               ; CLOCK0            ; Untyped                                       ;
; CHAINOUT_ROUNDING                     ; NO                ; Untyped                                       ;
; CHAINOUT_SATURATE_ACLR                ; ACLR3             ; Untyped                                       ;
; CHAINOUT_SATURATE_OUTPUT_ACLR         ; ACLR3             ; Untyped                                       ;
; CHAINOUT_SATURATE_OUTPUT_REGISTER     ; CLOCK0            ; Untyped                                       ;
; CHAINOUT_SATURATE_PIPELINE_ACLR       ; ACLR3             ; Untyped                                       ;
; CHAINOUT_SATURATE_PIPELINE_REGISTER   ; CLOCK0            ; Untyped                                       ;
; CHAINOUT_SATURATE_REGISTER            ; CLOCK0            ; Untyped                                       ;
; CHAINOUT_SATURATION                   ; NO                ; Untyped                                       ;
; DEDICATED_MULTIPLIER_CIRCUITRY        ; AUTO              ; Untyped                                       ;
; DSP_BLOCK_BALANCING                   ; AUTO              ; Untyped                                       ;
; EXTRA_LATENCY                         ; 0                 ; Untyped                                       ;
; INPUT_ACLR_A0                         ; ACLR3             ; Untyped                                       ;
; INPUT_ACLR_A1                         ; ACLR3             ; Untyped                                       ;
; INPUT_ACLR_A2                         ; ACLR3             ; Untyped                                       ;
; INPUT_ACLR_A3                         ; ACLR3             ; Untyped                                       ;
; INPUT_ACLR_B0                         ; ACLR3             ; Untyped                                       ;
; INPUT_ACLR_B1                         ; ACLR3             ; Untyped                                       ;
; INPUT_ACLR_B2                         ; ACLR3             ; Untyped                                       ;
; INPUT_ACLR_B3                         ; ACLR3             ; Untyped                                       ;
; INPUT_REGISTER_A0                     ; UNREGISTERED      ; Untyped                                       ;
; INPUT_REGISTER_A1                     ; UNREGISTERED      ; Untyped                                       ;
; INPUT_REGISTER_A2                     ; CLOCK0            ; Untyped                                       ;
; INPUT_REGISTER_A3                     ; CLOCK0            ; Untyped                                       ;
; INPUT_REGISTER_B0                     ; UNREGISTERED      ; Untyped                                       ;
; INPUT_REGISTER_B1                     ; UNREGISTERED      ; Untyped                                       ;
; INPUT_REGISTER_B2                     ; CLOCK0            ; Untyped                                       ;
; INPUT_REGISTER_B3                     ; CLOCK0            ; Untyped                                       ;
; INPUT_SOURCE_A0                       ; DATAA             ; Untyped                                       ;
; INPUT_SOURCE_A1                       ; DATAA             ; Untyped                                       ;
; INPUT_SOURCE_A2                       ; DATAA             ; Untyped                                       ;
; INPUT_SOURCE_A3                       ; DATAA             ; Untyped                                       ;
; INPUT_SOURCE_B0                       ; DATAB             ; Untyped                                       ;
; INPUT_SOURCE_B1                       ; DATAB             ; Untyped                                       ;
; INPUT_SOURCE_B2                       ; DATAB             ; Untyped                                       ;
; INPUT_SOURCE_B3                       ; DATAB             ; Untyped                                       ;
; MULT01_ROUND_ACLR                     ; ACLR3             ; Untyped                                       ;
; MULT01_ROUND_REGISTER                 ; CLOCK0            ; Untyped                                       ;
; MULT01_SATURATION_ACLR                ; ACLR2             ; Untyped                                       ;
; MULT01_SATURATION_REGISTER            ; CLOCK0            ; Untyped                                       ;
; MULT23_ROUND_ACLR                     ; ACLR3             ; Untyped                                       ;
; MULT23_ROUND_REGISTER                 ; CLOCK0            ; Untyped                                       ;
; MULT23_SATURATION_ACLR                ; ACLR3             ; Untyped                                       ;
; MULT23_SATURATION_REGISTER            ; CLOCK0            ; Untyped                                       ;
; MULTIPLIER01_ROUNDING                 ; NO                ; Untyped                                       ;
; MULTIPLIER01_SATURATION               ; NO                ; Untyped                                       ;
; MULTIPLIER1_DIRECTION                 ; ADD               ; Untyped                                       ;
; MULTIPLIER23_ROUNDING                 ; NO                ; Untyped                                       ;
; MULTIPLIER23_SATURATION               ; NO                ; Untyped                                       ;
; MULTIPLIER3_DIRECTION                 ; ADD               ; Untyped                                       ;
; MULTIPLIER_ACLR0                      ; ACLR3             ; Untyped                                       ;
; MULTIPLIER_ACLR1                      ; ACLR3             ; Untyped                                       ;
; MULTIPLIER_ACLR2                      ; ACLR3             ; Untyped                                       ;
; MULTIPLIER_ACLR3                      ; ACLR3             ; Untyped                                       ;
; MULTIPLIER_REGISTER0                  ; UNREGISTERED      ; Untyped                                       ;
; MULTIPLIER_REGISTER1                  ; UNREGISTERED      ; Untyped                                       ;
; MULTIPLIER_REGISTER2                  ; CLOCK0            ; Untyped                                       ;
; MULTIPLIER_REGISTER3                  ; CLOCK0            ; Untyped                                       ;
; NUMBER_OF_MULTIPLIERS                 ; 2                 ; Signed Integer                                ;
; OUTPUT_ACLR                           ; ACLR3             ; Untyped                                       ;
; OUTPUT_REGISTER                       ; CLOCK0            ; Untyped                                       ;
; OUTPUT_ROUND_ACLR                     ; ACLR3             ; Untyped                                       ;
; OUTPUT_ROUND_PIPELINE_ACLR            ; ACLR3             ; Untyped                                       ;
; OUTPUT_ROUND_PIPELINE_REGISTER        ; CLOCK0            ; Untyped                                       ;
; OUTPUT_ROUND_REGISTER                 ; CLOCK0            ; Untyped                                       ;
; OUTPUT_ROUND_TYPE                     ; NEAREST_INTEGER   ; Untyped                                       ;
; OUTPUT_ROUNDING                       ; NO                ; Untyped                                       ;
; OUTPUT_SATURATE_ACLR                  ; ACLR3             ; Untyped                                       ;
; OUTPUT_SATURATE_PIPELINE_ACLR         ; ACLR3             ; Untyped                                       ;
; OUTPUT_SATURATE_PIPELINE_REGISTER     ; CLOCK0            ; Untyped                                       ;
; OUTPUT_SATURATE_REGISTER              ; CLOCK0            ; Untyped                                       ;
; OUTPUT_SATURATE_TYPE                  ; ASYMMETRIC        ; Untyped                                       ;
; OUTPUT_SATURATION                     ; NO                ; Untyped                                       ;
; port_addnsub1                         ; PORT_UNUSED       ; Untyped                                       ;
; port_addnsub3                         ; PORT_CONNECTIVITY ; Untyped                                       ;
; PORT_CHAINOUT_SAT_IS_OVERFLOW         ; PORT_UNUSED       ; Untyped                                       ;
; PORT_MULT0_IS_SATURATED               ; UNUSED            ; Untyped                                       ;
; PORT_MULT1_IS_SATURATED               ; UNUSED            ; Untyped                                       ;
; PORT_MULT2_IS_SATURATED               ; UNUSED            ; Untyped                                       ;
; PORT_MULT3_IS_SATURATED               ; UNUSED            ; Untyped                                       ;
; PORT_OUTPUT_IS_OVERFLOW               ; PORT_UNUSED       ; Untyped                                       ;
; port_signa                            ; PORT_UNUSED       ; Untyped                                       ;
; port_signb                            ; PORT_UNUSED       ; Untyped                                       ;
; REPRESENTATION_A                      ; UNSIGNED          ; Untyped                                       ;
; REPRESENTATION_B                      ; UNSIGNED          ; Untyped                                       ;
; ROTATE_ACLR                           ; ACLR3             ; Untyped                                       ;
; ROTATE_OUTPUT_ACLR                    ; ACLR3             ; Untyped                                       ;
; ROTATE_OUTPUT_REGISTER                ; CLOCK0            ; Untyped                                       ;
; ROTATE_PIPELINE_ACLR                  ; ACLR3             ; Untyped                                       ;
; ROTATE_PIPELINE_REGISTER              ; CLOCK0            ; Untyped                                       ;
; ROTATE_REGISTER                       ; CLOCK0            ; Untyped                                       ;
; WIDTH_MSB                             ; 17                ; Untyped                                       ;
; WIDTH_SATURATE_SIGN                   ; 1                 ; Untyped                                       ;
; SCANOUTA_ACLR                         ; ACLR3             ; Untyped                                       ;
; SCANOUTA_REGISTER                     ; UNREGISTERED      ; Untyped                                       ;
; SHIFT_MODE                            ; NO                ; Untyped                                       ;
; SHIFT_RIGHT_ACLR                      ; ACLR3             ; Untyped                                       ;
; SHIFT_RIGHT_OUTPUT_ACLR               ; ACLR3             ; Untyped                                       ;
; SHIFT_RIGHT_OUTPUT_REGISTER           ; CLOCK0            ; Untyped                                       ;
; SHIFT_RIGHT_PIPELINE_ACLR             ; ACLR3             ; Untyped                                       ;
; SHIFT_RIGHT_PIPELINE_REGISTER         ; CLOCK0            ; Untyped                                       ;
; SHIFT_RIGHT_REGISTER                  ; CLOCK0            ; Untyped                                       ;
; SIGNED_ACLR_A                         ; ACLR3             ; Untyped                                       ;
; SIGNED_ACLR_B                         ; ACLR3             ; Untyped                                       ;
; SIGNED_PIPELINE_ACLR_A                ; ACLR3             ; Untyped                                       ;
; SIGNED_PIPELINE_ACLR_B                ; ACLR3             ; Untyped                                       ;
; SIGNED_PIPELINE_REGISTER_A            ; UNREGISTERED      ; Untyped                                       ;
; SIGNED_PIPELINE_REGISTER_B            ; UNREGISTERED      ; Untyped                                       ;
; SIGNED_REGISTER_A                     ; UNREGISTERED      ; Untyped                                       ;
; SIGNED_REGISTER_B                     ; UNREGISTERED      ; Untyped                                       ;
; WIDTH_A                               ; 8                 ; Signed Integer                                ;
; WIDTH_B                               ; 8                 ; Signed Integer                                ;
; WIDTH_CHAININ                         ; 1                 ; Untyped                                       ;
; WIDTH_RESULT                          ; 16                ; Signed Integer                                ;
; ZERO_CHAINOUT_OUTPUT_ACLR             ; ACLR3             ; Untyped                                       ;
; ZERO_CHAINOUT_OUTPUT_REGISTER         ; CLOCK0            ; Untyped                                       ;
; ZERO_LOOPBACK_ACLR                    ; ACLR3             ; Untyped                                       ;
; ZERO_LOOPBACK_OUTPUT_ACLR             ; ACLR3             ; Untyped                                       ;
; ZERO_LOOPBACK_OUTPUT_REGISTER         ; CLOCK0            ; Untyped                                       ;
; ZERO_LOOPBACK_PIPELINE_ACLR           ; ACLR3             ; Untyped                                       ;
; ZERO_LOOPBACK_PIPELINE_REGISTER       ; CLOCK0            ; Untyped                                       ;
; ZERO_LOOPBACK_REGISTER                ; CLOCK0            ; Untyped                                       ;
; CBXI_PARAMETER                        ; mult_add_mcv2     ; Untyped                                       ;
; DEVICE_FAMILY                         ; Cyclone IV E      ; Untyped                                       ;
; WIDTH_C                               ; 22                ; Untyped                                       ;
; LOADCONST_VALUE                       ; 64                ; Untyped                                       ;
; PREADDER_MODE                         ; SIMPLE            ; Untyped                                       ;
; PREADDER_DIRECTION_0                  ; ADD               ; Untyped                                       ;
; PREADDER_DIRECTION_1                  ; ADD               ; Untyped                                       ;
; PREADDER_DIRECTION_2                  ; ADD               ; Untyped                                       ;
; PREADDER_DIRECTION_3                  ; ADD               ; Untyped                                       ;
; INPUT_REGISTER_C0                     ; CLOCK0            ; Untyped                                       ;
; INPUT_ACLR_C0                         ; ACLR0             ; Untyped                                       ;
; COEFSEL0_REGISTER                     ; CLOCK0            ; Untyped                                       ;
; COEFSEL1_REGISTER                     ; CLOCK0            ; Untyped                                       ;
; COEFSEL2_REGISTER                     ; CLOCK0            ; Untyped                                       ;
; COEFSEL3_REGISTER                     ; CLOCK0            ; Untyped                                       ;
; COEFSEL0_ACLR                         ; ACLR0             ; Untyped                                       ;
; COEFSEL1_ACLR                         ; ACLR0             ; Untyped                                       ;
; COEFSEL2_ACLR                         ; ACLR0             ; Untyped                                       ;
; COEFSEL3_ACLR                         ; ACLR0             ; Untyped                                       ;
; SYSTOLIC_DELAY1                       ; CLOCK0            ; Untyped                                       ;
; SYSTOLIC_DELAY3                       ; CLOCK0            ; Untyped                                       ;
; SYSTOLIC_ACLR1                        ; ACLR0             ; Untyped                                       ;
; SYSTOLIC_ACLR3                        ; ACLR0             ; Untyped                                       ;
; COEF0_0                               ; 0                 ; Untyped                                       ;
; COEF0_1                               ; 0                 ; Untyped                                       ;
; COEF0_2                               ; 0                 ; Untyped                                       ;
; COEF0_3                               ; 0                 ; Untyped                                       ;
; COEF0_4                               ; 0                 ; Untyped                                       ;
; COEF0_5                               ; 0                 ; Untyped                                       ;
; COEF0_6                               ; 0                 ; Untyped                                       ;
; COEF0_7                               ; 0                 ; Untyped                                       ;
; COEF1_0                               ; 0                 ; Untyped                                       ;
; COEF1_1                               ; 0                 ; Untyped                                       ;
; COEF1_2                               ; 0                 ; Untyped                                       ;
; COEF1_3                               ; 0                 ; Untyped                                       ;
; COEF1_4                               ; 0                 ; Untyped                                       ;
; COEF1_5                               ; 0                 ; Untyped                                       ;
; COEF1_6                               ; 0                 ; Untyped                                       ;
; COEF1_7                               ; 0                 ; Untyped                                       ;
; COEF2_0                               ; 0                 ; Untyped                                       ;
; COEF2_1                               ; 0                 ; Untyped                                       ;
; COEF2_2                               ; 0                 ; Untyped                                       ;
; COEF2_3                               ; 0                 ; Untyped                                       ;
; COEF2_4                               ; 0                 ; Untyped                                       ;
; COEF2_5                               ; 0                 ; Untyped                                       ;
; COEF2_6                               ; 0                 ; Untyped                                       ;
; COEF2_7                               ; 0                 ; Untyped                                       ;
; COEF3_0                               ; 0                 ; Untyped                                       ;
; COEF3_1                               ; 0                 ; Untyped                                       ;
; COEF3_2                               ; 0                 ; Untyped                                       ;
; COEF3_3                               ; 0                 ; Untyped                                       ;
; COEF3_4                               ; 0                 ; Untyped                                       ;
; COEF3_5                               ; 0                 ; Untyped                                       ;
; COEF3_6                               ; 0                 ; Untyped                                       ;
; COEF3_7                               ; 0                 ; Untyped                                       ;
; WIDTH_COEF                            ; 18                ; Untyped                                       ;
+---------------------------------------+-------------------+-----------------------------------------------+
Note: In order to hide this table in the UI and the text report file, please set the "Show Parameter Settings in Synthesis Report" option in "Analysis and Synthesis Settings -> More Settings" to "Off".


+------------------------------------------------------------------------------------------------------+
; altmult_add Parameter Settings by Entity Instance                                                    ;
+---------------------------------------+--------------------------------------------------------------+
; Name                                  ; Value                                                        ;
+---------------------------------------+--------------------------------------------------------------+
; Number of entity instances            ; 1                                                            ;
; Entity Instance                       ; PART9:inst|myaltmultadd:M1|altmult_add:ALTMULT_ADD_component ;
;     -- DEDICATED_MULTIPLIER_CIRCUITRY ; AUTO                                                         ;
;     -- NUMBER_OF_MULTIPLIERS          ; 2                                                            ;
;     -- port_signa                     ; PORT_UNUSED                                                  ;
;     -- port_signb                     ; PORT_UNUSED                                                  ;
;     -- REPRESENTATION_A               ; UNSIGNED                                                     ;
;     -- REPRESENTATION_B               ; UNSIGNED                                                     ;
;     -- WIDTH_A                        ; 8                                                            ;
;     -- WIDTH_B                        ; 8                                                            ;
;     -- WIDTH_RESULT                   ; 16                                                           ;
+---------------------------------------+--------------------------------------------------------------+


+-----------------------------------------------------------------------------------------------------------------------------------------------------------------------------------------------------------------+
; Port Connectivity Checks: "PART9:inst|myaltmultadd:M1"                                                                                                                                                          ;
+---------+--------+----------+-----------------------------------------------------------------------------------------------------------------------------------------------------------------------------------+
; Port    ; Type   ; Severity ; Details                                                                                                                                                                           ;
+---------+--------+----------+-----------------------------------------------------------------------------------------------------------------------------------------------------------------------------------+
; clock0  ; Input  ; Warning  ; Input port expression (8 bits) is wider than the input port (1 bits) it drives.  The 7 most-significant bit(s) in the expression will be dangling if they have no other fanouts.  ;
; datab_1 ; Input  ; Warning  ; Input port expression (16 bits) is wider than the input port (8 bits) it drives.  The 8 most-significant bit(s) in the expression will be dangling if they have no other fanouts. ;
; result  ; Output ; Warning  ; Declared by entity but not connected by instance. Logic that only feeds a dangling port will be removed.                                                                          ;
+---------+--------+----------+-----------------------------------------------------------------------------------------------------------------------------------------------------------------------------------+


+-------------------------------+
; Elapsed Time Per Partition    ;
+----------------+--------------+
; Partition Name ; Elapsed Time ;
+----------------+--------------+
; Top            ; 00:00:01     ;
+----------------+--------------+


+-------------------------------+
; Analysis & Synthesis Messages ;
+-------------------------------+
Info: *******************************************************************
Info: Running Quartus II 64-Bit Analysis & Synthesis
    Info: Version 13.1.0 Build 162 10/23/2013 SJ Full Version
    Info: Processing started: Wed Nov 27 09:00:28 2019
Info: Command: quartus_map --read_settings_files=on --write_settings_files=off lab4 -c lab4
Info (11104): Parallel Compilation has detected 8 hyper-threaded processors. However, the extra hyper-threaded processors will not be used by default. Parallel Compilation will use 4 of the 4 physical processors detected instead.
Info (12021): Found 7 design units, including 7 entities, in source file part8.v
    Info (12023): Found entity 1: decoder_TEST
    Info (12023): Found entity 2: decoder2
    Info (12023): Found entity 3: D_trigger_test
    Info (12023): Found entity 4: D_trigger_HEX
    Info (12023): Found entity 5: switch_hex
    Info (12023): Found entity 6: switch
    Info (12023): Found entity 7: PART8
Info (12021): Found 1 design units, including 1 entities, in source file lab4.bdf
    Info (12023): Found entity 1: lab4
Info (12021): Found 1 design units, including 1 entities, in source file mymult.v
    Info (12023): Found entity 1: mymult
Info (12021): Found 1 design units, including 1 entities, in source file myadd16.v
    Info (12023): Found entity 1: myadd16
Info (12021): Found 1 design units, including 1 entities, in source file myaltmultadd.v
    Info (12023): Found entity 1: myaltmultadd
Info (12021): Found 1 design units, including 1 entities, in source file output_files/part9.v
    Info (12023): Found entity 1: PART9
Info (12127): Elaborating entity "lab4" for the top level hierarchy
Warning (275011): Block or symbol "PART9" of instance "inst" overlaps another block or symbol
Info (12128): Elaborating entity "PART9" for hierarchy "PART9:inst"
Warning (10034): Output port "cout" at part9.v(5) has no driver
Info (12128): Elaborating entity "switch" for hierarchy "PART9:inst|switch:m8"
Warning (10235): Verilog HDL Always Construct warning at part8.v(122): variable "IN" is read inside the Always Construct but isn't in the Always Construct's Event Control
Info (12128): Elaborating entity "D_trigger_HEX" for hierarchy "PART9:inst|D_trigger_HEX:m1"
Info (12128): Elaborating entity "D_trigger_test" for hierarchy "PART9:inst|D_trigger_HEX:m1|D_trigger_test:m1"
Info (12128): Elaborating entity "switch_hex" for hierarchy "PART9:inst|switch_hex:m3"
Warning (10235): Verilog HDL Always Construct warning at part8.v(104): variable "IN1" is read inside the Always Construct but isn't in the Always Construct's Event Control
Warning (10235): Verilog HDL Always Construct warning at part8.v(106): variable "IN2" is read inside the Always Construct but isn't in the Always Construct's Event Control
Info (12128): Elaborating entity "myaltmultadd" for hierarchy "PART9:inst|myaltmultadd:M1"
Info (12128): Elaborating entity "altmult_add" for hierarchy "PART9:inst|myaltmultadd:M1|altmult_add:ALTMULT_ADD_component"
Info (12130): Elaborated megafunction instantiation "PART9:inst|myaltmultadd:M1|altmult_add:ALTMULT_ADD_component"
Info (12133): Instantiated megafunction "PART9:inst|myaltmultadd:M1|altmult_add:ALTMULT_ADD_component" with the following parameter:
    Info (12134): Parameter "addnsub_multiplier_pipeline_register1" = "UNREGISTERED"
    Info (12134): Parameter "addnsub_multiplier_register1" = "UNREGISTERED"
    Info (12134): Parameter "dedicated_multiplier_circuitry" = "AUTO"
    Info (12134): Parameter "input_register_a0" = "UNREGISTERED"
    Info (12134): Parameter "input_register_a1" = "UNREGISTERED"
    Info (12134): Parameter "input_register_b0" = "UNREGISTERED"
    Info (12134): Parameter "input_register_b1" = "UNREGISTERED"
    Info (12134): Parameter "input_source_a0" = "DATAA"
    Info (12134): Parameter "input_source_a1" = "DATAA"
    Info (12134): Parameter "input_source_b0" = "DATAB"
    Info (12134): Parameter "input_source_b1" = "DATAB"
    Info (12134): Parameter "intended_device_family" = "Cyclone IV E"
    Info (12134): Parameter "lpm_type" = "altmult_add"
    Info (12134): Parameter "multiplier1_direction" = "ADD"
    Info (12134): Parameter "multiplier_register0" = "UNREGISTERED"
    Info (12134): Parameter "multiplier_register1" = "UNREGISTERED"
    Info (12134): Parameter "number_of_multipliers" = "2"
    Info (12134): Parameter "output_aclr" = "UNUSED"
    Info (12134): Parameter "output_register" = "CLOCK0"
    Info (12134): Parameter "port_addnsub1" = "PORT_UNUSED"
    Info (12134): Parameter "port_signa" = "PORT_UNUSED"
    Info (12134): Parameter "port_signb" = "PORT_UNUSED"
    Info (12134): Parameter "representation_a" = "UNSIGNED"
    Info (12134): Parameter "representation_b" = "UNSIGNED"
    Info (12134): Parameter "signed_pipeline_register_a" = "UNREGISTERED"
    Info (12134): Parameter "signed_pipeline_register_b" = "UNREGISTERED"
    Info (12134): Parameter "signed_register_a" = "UNREGISTERED"
    Info (12134): Parameter "signed_register_b" = "UNREGISTERED"
    Info (12134): Parameter "width_a" = "8"
    Info (12134): Parameter "width_b" = "8"
    Info (12134): Parameter "width_result" = "16"
Info (12021): Found 1 design units, including 1 entities, in source file db/mult_add_mcv2.tdf
    Info (12023): Found entity 1: mult_add_mcv2
Info (12128): Elaborating entity "mult_add_mcv2" for hierarchy "PART9:inst|myaltmultadd:M1|altmult_add:ALTMULT_ADD_component|mult_add_mcv2:auto_generated"
Info (12021): Found 1 design units, including 1 entities, in source file db/ded_mult_c051.tdf
    Info (12023): Found entity 1: ded_mult_c051
Info (12128): Elaborating entity "ded_mult_c051" for hierarchy "PART9:inst|myaltmultadd:M1|altmult_add:ALTMULT_ADD_component|mult_add_mcv2:auto_generated|ded_mult_c051:ded_mult1"
Info (12021): Found 1 design units, including 1 entities, in source file db/dffpipe_b3c.tdf
    Info (12023): Found entity 1: dffpipe_b3c
Info (12128): Elaborating entity "dffpipe_b3c" for hierarchy "PART9:inst|myaltmultadd:M1|altmult_add:ALTMULT_ADD_component|mult_add_mcv2:auto_generated|ded_mult_c051:ded_mult1|dffpipe_b3c:pre_result"
Info (12128): Elaborating entity "decoder2" for hierarchy "PART9:inst|decoder2:m4"
Info (12128): Elaborating entity "decoder_TEST" for hierarchy "PART9:inst|decoder2:m4|decoder_TEST:m1"
Warning (12011): Net is missing source, defaulting to GND
    Warning (12110): Net "PART9:inst|temp3[15]" is missing source, defaulting to GND
    Warning (12110): Net "PART9:inst|temp3[14]" is missing source, defaulting to GND
    Warning (12110): Net "PART9:inst|temp3[13]" is missing source, defaulting to GND
    Warning (12110): Net "PART9:inst|temp3[12]" is missing source, defaulting to GND
    Warning (12110): Net "PART9:inst|temp3[11]" is missing source, defaulting to GND
    Warning (12110): Net "PART9:inst|temp3[10]" is missing source, defaulting to GND
    Warning (12110): Net "PART9:inst|temp3[9]" is missing source, defaulting to GND
    Warning (12110): Net "PART9:inst|temp3[8]" is missing source, defaulting to GND
    Warning (12110): Net "PART9:inst|temp3[7]" is missing source, defaulting to GND
    Warning (12110): Net "PART9:inst|temp3[6]" is missing source, defaulting to GND
    Warning (12110): Net "PART9:inst|temp3[5]" is missing source, defaulting to GND
    Warning (12110): Net "PART9:inst|temp3[4]" is missing source, defaulting to GND
    Warning (12110): Net "PART9:inst|temp3[3]" is missing source, defaulting to GND
    Warning (12110): Net "PART9:inst|temp3[2]" is missing source, defaulting to GND
    Warning (12110): Net "PART9:inst|temp3[1]" is missing source, defaulting to GND
    Warning (12110): Net "PART9:inst|temp3[0]" is missing source, defaulting to GND
Warning (14284): Synthesized away the following node(s):
    Warning (14285): Synthesized away the following DSP element node(s):
        Warning (14320): Synthesized away node "PART9:inst|myaltmultadd:M1|altmult_add:ALTMULT_ADD_component|mult_add_mcv2:auto_generated|ded_mult_c051:ded_mult2|mac_mult6"
        Warning (14320): Synthesized away node "PART9:inst|myaltmultadd:M1|altmult_add:ALTMULT_ADD_component|mult_add_mcv2:auto_generated|ded_mult_c051:ded_mult2|mac_out7"
        Warning (14320): Synthesized away node "PART9:inst|myaltmultadd:M1|altmult_add:ALTMULT_ADD_component|mult_add_mcv2:auto_generated|ded_mult_c051:ded_mult1|mac_mult6"
        Warning (14320): Synthesized away node "PART9:inst|myaltmultadd:M1|altmult_add:ALTMULT_ADD_component|mult_add_mcv2:auto_generated|ded_mult_c051:ded_mult1|mac_out7"
Warning (12241): 1 hierarchies have connectivity warnings - see the Connectivity Checks report folder
Warning (13024): Output pins are stuck at VCC or GND
    Warning (13410): Pin "HEX0[6]" is stuck at VCC
    Warning (13410): Pin "HEX0[5]" is stuck at GND
    Warning (13410): Pin "HEX0[4]" is stuck at GND
    Warning (13410): Pin "HEX0[3]" is stuck at GND
    Warning (13410): Pin "HEX0[2]" is stuck at GND
    Warning (13410): Pin "HEX0[1]" is stuck at GND
    Warning (13410): Pin "HEX0[0]" is stuck at GND
    Warning (13410): Pin "HEX1[6]" is stuck at VCC
    Warning (13410): Pin "HEX1[5]" is stuck at GND
    Warning (13410): Pin "HEX1[4]" is stuck at GND
    Warning (13410): Pin "HEX1[3]" is stuck at GND
    Warning (13410): Pin "HEX1[2]" is stuck at GND
    Warning (13410): Pin "HEX1[1]" is stuck at GND
    Warning (13410): Pin "HEX1[0]" is stuck at GND
    Warning (13410): Pin "HEX2[6]" is stuck at VCC
    Warning (13410): Pin "HEX2[5]" is stuck at GND
    Warning (13410): Pin "HEX2[4]" is stuck at GND
    Warning (13410): Pin "HEX2[3]" is stuck at GND
    Warning (13410): Pin "HEX2[2]" is stuck at GND
    Warning (13410): Pin "HEX2[1]" is stuck at GND
    Warning (13410): Pin "HEX2[0]" is stuck at GND
    Warning (13410): Pin "HEX3[6]" is stuck at VCC
    Warning (13410): Pin "HEX3[5]" is stuck at GND
    Warning (13410): Pin "HEX3[4]" is stuck at GND
    Warning (13410): Pin "HEX3[3]" is stuck at GND
    Warning (13410): Pin "HEX3[2]" is stuck at GND
    Warning (13410): Pin "HEX3[1]" is stuck at GND
    Warning (13410): Pin "HEX3[0]" is stuck at GND
Info (286030): Timing-Driven Synthesis is running
Info (144001): Generated suppressed messages file E:/altera/13.1/lab/lab4/output_files/lab4.map.smsg
Info (16010): Generating hard_block partition "hard_block:auto_generated_inst"
    Info (16011): Adding 0 node(s), including 0 DDIO, 0 PLL, 0 transceiver and 0 LCELL
Info (21057): Implemented 154 device resources after synthesis - the final resource count might be different
    Info (21058): Implemented 20 input pins
    Info (21059): Implemented 56 output pins
    Info (21061): Implemented 78 logic cells
Info: Quartus II 64-Bit Analysis & Synthesis was successful. 0 errors, 58 warnings
    Info: Peak virtual memory: 4662 megabytes
    Info: Processing ended: Wed Nov 27 09:00:36 2019
    Info: Elapsed time: 00:00:08
    Info: Total CPU time (on all processors): 00:00:04


+------------------------------------------+
; Analysis & Synthesis Suppressed Messages ;
+------------------------------------------+
The suppressed messages can be found in E:/altera/13.1/lab/lab4/output_files/lab4.map.smsg.


