
**** Build of configuration Nios II for project lab1 ****

make all 
      1 [main] sh 13816 find_fast_cwd: WARNING: Couldn't compute FAST_CWD pointer.  Please report this problem to
the public mailing list cygwin@cygwin.com
      1 [main] sh 20836 find_fast_cwd: WARNING: Couldn't compute FAST_CWD pointer.  Please report this problem to
the public mailing list cygwin@cygwin.com
      1 [main] sh 17676 find_fast_cwd: WARNING: Couldn't compute FAST_CWD pointer.  Please report this problem to
the public mailing list cygwin@cygwin.com
      1 [main] sh 3336 find_fast_cwd: WARNING: Couldn't compute FAST_CWD pointer.  Please report this problem to
the public mailing list cygwin@cygwin.com
      2 [main] echo 19776 find_fast_cwd: WARNING: Couldn't compute FAST_CWD pointer.  Please report this problem to
the public mailing list cygwin@cygwin.com
Info: Building E:/altera/13.1/lab/qrs_lab1/sfotware/lab1_bsp/
make --no-print-directory -C E:/altera/13.1/lab/qrs_lab1/sfotware/lab1_bsp/
      2 [main] pwd 15356 find_fast_cwd: WARNING: Couldn't compute FAST_CWD pointer.  Please report this problem to
the public mailing list cygwin@cygwin.com
      1 [main] sh 9088 find_fast_cwd: WARNING: Couldn't compute FAST_CWD pointer.  Please report this problem to
the public mailing list cygwin@cygwin.com
      3 [main] sh 18688 find_fast_cwd: WARNING: Couldn't compute FAST_CWD pointer.  Please report this problem to
the public mailing list cygwin@cygwin.com
[BSP build complete]
      3 [main] echo 19632 find_fast_cwd: WARNING: Couldn't compute FAST_CWD pointer.  Please report this problem to
the public mailing list cygwin@cygwin.com
Info: Compiling hello_world.c to obj/default/hello_world.o
      3 [main] mkdir 19976 find_fast_cwd: WARNING: Couldn't compute FAST_CWD pointer.  Please report this problem to
the public mailing list cygwin@cygwin.com
nios2-elf-gcc -xc -MP -MMD -c -IE:/altera/13.1/lab/qrs_lab1/sfotware/lab1_bsp//HAL/inc -IE:/altera/13.1/lab/qrs_lab1/sfotware/lab1_bsp/ -IE:/altera/13.1/lab/qrs_lab1/sfotware/lab1_bsp//drivers/inc  -DSYSTEM_BUS_WIDTH=32 -pipe -D__hal__ -DALT_NO_C_PLUS_PLUS -DALT_NO_CLEAN_EXIT -D'exit(a)=_exit(a)' -DALT_NO_INSTRUCTION_EMULATION -DALT_USE_SMALL_DRIVERS -DSMALL_C_LIB -DALT_SINGLE_THREADED    -O0 -g -Wall   -mhw-div -mhw-mul -mno-hw-mulx  -o obj/default/hello_world.o hello_world.c
      1 [main] true 19112 find_fast_cwd: WARNING: Couldn't compute FAST_CWD pointer.  Please report this problem to
the public mailing list cygwin@cygwin.com
      1 [main] echo 20232 find_fast_cwd: WARNING: Couldn't compute FAST_CWD pointer.  Please report this problem to
the public mailing list cygwin@cygwin.com
Info: Linking lab1.elf
nios2-elf-g++  -T'E:/altera/13.1/lab/qrs_lab1/sfotware/lab1_bsp//linker.x' -msys-crt0='E:/altera/13.1/lab/qrs_lab1/sfotware/lab1_bsp//obj/HAL/src/crt0.o' -msys-lib=hal_bsp -LE:/altera/13.1/lab/qrs_lab1/sfotware/lab1_bsp/  -msmallc  -Wl,-Map=lab1.map   -O0 -g -Wall   -mhw-div -mhw-mul -mno-hw-mulx  -o lab1.elf obj/default/hello_world.o -lm 
nios2-elf-insert lab1.elf --thread_model hal --cpu_name nios2_qsys_0 --qsys true --simulation_enabled false --id 0 --sidp 0x19000 --timestamp 1582963486 --stderr_dev jtag_uart_0 --stdin_dev jtag_uart_0 --stdout_dev jtag_uart_0 --sopc_system_name system_qsys --quartus_project_dir "e:/altera/13.1/lab/qrs_lab1/hardware" --sopcinfo E:/altera/13.1/lab/qrs_lab1/hardware/system_qsys.sopcinfo
      1 [main] sh 19400 find_fast_cwd: WARNING: Couldn't compute FAST_CWD pointer.  Please report this problem to
the public mailing list cygwin@cygwin.com
      1 [main] uname 19536 find_fast_cwd: WARNING: Couldn't compute FAST_CWD pointer.  Please report this problem to
the public mailing list cygwin@cygwin.com
      1 [main] sh 10380 find_fast_cwd: WARNING: Couldn't compute FAST_CWD pointer.  Please report this problem to
the public mailing list cygwin@cygwin.com
Info: (lab1.elf) 4520 Bytes program size (code + initialized data).
Info:            15 KBytes free for stack + heap.
      3 [main] echo 11712 find_fast_cwd: WARNING: Couldn't compute FAST_CWD pointer.  Please report this problem to
the public mailing list cygwin@cygwin.com
Info: Creating lab1.objdump
nios2-elf-objdump --disassemble --syms --all-header --source lab1.elf >lab1.objdump
      1 [main] sh 20448 find_fast_cwd: WARNING: Couldn't compute FAST_CWD pointer.  Please report this problem to
the public mailing list cygwin@cygwin.com
      1 [main] sh 5740 find_fast_cwd: WARNING: Couldn't compute FAST_CWD pointer.  Please report this problem to
the public mailing list cygwin@cygwin.com
[lab1 build complete]

**** Build Finished ****
